/usr/bin/gcc -std=gnu99 -Wall -fPIC -pthread -O2 -c *.c
/usr/bin/gcc -shared -Wl,-soname,libGSDDict.so.1 -o libGSDDict.so.1.0 *.o
ln -sf libGSDDict.so.1.0 libGSDDict.so.1
ln -sd libGSDDict.so.1.0 libGSDDict.so
/usr/bin/gcc -std=gnu99 -Wall -fPIC -pthread -O2 -I. -L. test/performance.c -lGSDDict -lpthread -lrt -operformance.run
LD_LIBRARY_PATH="." ./performance.run
Type, Max Epochs, Threads, Slots, Max Imbalance, Operations, Time, Rebalanced, Used Epochs
INSERT, 16, 1, 8, 8, 200000, 194:891899403, 22208, 2
LOOKUP, 16, 1, 8, 8, 200000, 0:82385041, 22208, 2
INSERT, 16, 1, 8, 16, 200000, 102:616474031, 11752, 2
LOOKUP, 16, 1, 8, 16, 200000, 0:86272697, 11752, 2
INSERT, 16, 1, 8, 32, 200000, 56:34780333, 6056, 2
LOOKUP, 16, 1, 8, 32, 200000, 0:86850051, 6056, 2
INSERT, 16, 1, 8, 64, 200000, 28:348301972, 3072, 2
LOOKUP, 16, 1, 8, 64, 200000, 0:94515371, 3072, 2
INSERT, 16, 1, 8, 128, 200000, 15:288340755, 1544, 2
LOOKUP, 16, 1, 8, 128, 200000, 0:88930910, 1544, 2
INSERT, 16, 1, 8, 256, 200000, 447:638336472, 49992, 2
LOOKUP, 16, 1, 8, 256, 200000, 0:86397189, 49992, 2
INSERT, 16, 1, 8, 512, 200000, 447:412216760, 49992, 2
LOOKUP, 16, 1, 8, 512, 200000, 0:85121959, 49992, 2
INSERT, 16, 1, 16, 8, 200000, 93:732970450, 22192, 2
LOOKUP, 16, 1, 16, 8, 200000, 0:94582294, 22192, 2
INSERT, 16, 1, 16, 16, 200000, 50:470502459, 11744, 2
LOOKUP, 16, 1, 16, 16, 200000, 0:96121996, 11744, 2
INSERT, 16, 1, 16, 32, 200000, 26:739448635, 6048, 2
LOOKUP, 16, 1, 16, 32, 200000, 0:98343906, 6048, 2
INSERT, 16, 1, 16, 64, 200000, 14:737042371, 3072, 2
LOOKUP, 16, 1, 16, 64, 200000, 0:100360330, 3072, 2
INSERT, 16, 1, 16, 128, 200000, 8:344293523, 1536, 2
LOOKUP, 16, 1, 16, 128, 200000, 0:98316589, 1536, 2
INSERT, 16, 1, 16, 256, 200000, 212:986504797, 49984, 2
LOOKUP, 16, 1, 16, 256, 200000, 0:102597856, 49984, 2
INSERT, 16, 1, 16, 512, 200000, 208:989301844, 49984, 2
LOOKUP, 16, 1, 16, 512, 200000, 0:95367143, 49984, 2
INSERT, 16, 1, 32, 8, 200000, 43:433693573, 22176, 2
LOOKUP, 16, 1, 32, 8, 200000, 0:110734246, 22176, 2
INSERT, 16, 1, 32, 16, 200000, 24:585379397, 11712, 2
LOOKUP, 16, 1, 32, 16, 200000, 0:105545465, 11712, 2
INSERT, 16, 1, 32, 32, 200000, 13:882599258, 6048, 2
LOOKUP, 16, 1, 32, 32, 200000, 0:101782196, 6048, 2
INSERT, 16, 1, 32, 64, 200000, 7:909480041, 3040, 2
LOOKUP, 16, 1, 32, 64, 200000, 0:100917494, 3040, 2
INSERT, 16, 1, 32, 128, 200000, 4:774669613, 1536, 2
LOOKUP, 16, 1, 32, 128, 200000, 0:95061018, 1536, 2
INSERT, 16, 1, 32, 256, 200000, 96:142528643, 49952, 2
LOOKUP, 16, 1, 32, 256, 200000, 0:111715513, 49952, 2
INSERT, 16, 1, 32, 512, 200000, 96:90869910, 49952, 2
LOOKUP, 16, 1, 32, 512, 200000, 0:113094418, 49952, 2
INSERT, 16, 1, 64, 8, 200000, 23:660964040, 22144, 2
LOOKUP, 16, 1, 64, 8, 200000, 0:122042616, 22144, 2
INSERT, 16, 1, 64, 16, 200000, 13:464185513, 11712, 2
LOOKUP, 16, 1, 64, 16, 200000, 0:115661860, 11712, 2
INSERT, 16, 1, 64, 32, 200000, 7:634849698, 6016, 2
LOOKUP, 16, 1, 64, 32, 200000, 0:105666102, 6016, 2
INSERT, 16, 1, 64, 64, 200000, 4:385170799, 3008, 2
LOOKUP, 16, 1, 64, 64, 200000, 0:115402753, 3008, 2
INSERT, 16, 1, 64, 128, 200000, 2:869280828, 1536, 2
LOOKUP, 16, 1, 64, 128, 200000, 0:115543635, 1536, 2
INSERT, 16, 1, 64, 256, 200000, 51:15128075, 49920, 2
LOOKUP, 16, 1, 64, 256, 200000, 0:125637174, 49920, 2
INSERT, 16, 1, 64, 512, 200000, 51:274982472, 49920, 2
LOOKUP, 16, 1, 64, 512, 200000, 0:127500181, 49920, 2
INSERT, 16, 1, 128, 8, 200000, 12:964703368, 22016, 2
LOOKUP, 16, 1, 128, 8, 200000, 0:126860997, 22016, 2
INSERT, 16, 1, 128, 16, 200000, 7:347838285, 11648, 2
LOOKUP, 16, 1, 128, 16, 200000, 0:131243649, 11648, 2
INSERT, 16, 1, 128, 32, 200000, 4:282782665, 6016, 2
LOOKUP, 16, 1, 128, 32, 200000, 0:122226187, 6016, 2
INSERT, 16, 1, 128, 64, 200000, 2:579400278, 2944, 2
LOOKUP, 16, 1, 128, 64, 200000, 0:125356514, 2944, 2
INSERT, 16, 1, 128, 128, 200000, 2:242972517, 1536, 2
LOOKUP, 16, 1, 128, 128, 200000, 0:131692857, 1536, 2
INSERT, 16, 1, 128, 256, 200000, 26:652824526, 49856, 2
LOOKUP, 16, 1, 128, 256, 200000, 0:141645008, 49856, 2
INSERT, 16, 1, 128, 512, 200000, 26:731707712, 49856, 2
LOOKUP, 16, 1, 128, 512, 200000, 0:132163192, 49856, 2
INSERT, 16, 1, 256, 8, 200000, 6:916724910, 22016, 2
LOOKUP, 16, 1, 256, 8, 200000, 0:128894872, 22016, 2
INSERT, 16, 1, 256, 16, 200000, 4:144099202, 11520, 2
LOOKUP, 16, 1, 256, 16, 200000, 0:127024086, 11520, 2
INSERT, 16, 1, 256, 32, 200000, 2:501817854, 5888, 2
LOOKUP, 16, 1, 256, 32, 200000, 0:119244725, 5888, 2
INSERT, 16, 1, 256, 64, 200000, 1:828766510, 2816, 2
LOOKUP, 16, 1, 256, 64, 200000, 0:137718564, 2816, 2
INSERT, 16, 1, 256, 128, 200000, 1:936059198, 1280, 2
LOOKUP, 16, 1, 256, 128, 200000, 0:245158137, 1280, 2
INSERT, 16, 1, 256, 256, 200000, 14:84215612, 49664, 2
LOOKUP, 16, 1, 256, 256, 200000, 0:126339983, 49664, 2
INSERT, 16, 1, 256, 512, 200000, 14:125870122, 49664, 2
LOOKUP, 16, 1, 256, 512, 200000, 0:122849123, 49664, 2
INSERT, 16, 1, 512, 8, 200000, 3:529964146, 21510, 2
LOOKUP, 16, 1, 512, 8, 200000, 0:135948470, 21510, 2
INSERT, 16, 1, 512, 16, 200000, 2:383299487, 11264, 2
LOOKUP, 16, 1, 512, 16, 200000, 0:137476313, 11264, 2
INSERT, 16, 1, 512, 32, 200000, 1:705420155, 5632, 2
LOOKUP, 16, 1, 512, 32, 200000, 0:135529999, 5632, 2
INSERT, 16, 1, 512, 64, 200000, 1:558239023, 2560, 2
LOOKUP, 16, 1, 512, 64, 200000, 0:184032919, 2560, 2
INSERT, 16, 1, 512, 128, 200000, 2:126592428, 1024, 2
LOOKUP, 16, 1, 512, 128, 200000, 0:413650187, 1024, 2
INSERT, 16, 1, 512, 256, 200000, 6:888557356, 49425, 2
LOOKUP, 16, 1, 512, 256, 200000, 0:133509963, 49425, 2
INSERT, 16, 1, 512, 512, 200000, 6:936919729, 49425, 2
LOOKUP, 16, 1, 512, 512, 200000, 0:133993957, 49425, 2
INSERT, 16, 2, 8, 8, 200000, 218:787130718, 11708, 16
LOOKUP, 16, 2, 8, 8, 200000, 0:154379065, 11708, 16
INSERT, 16, 2, 8, 16, 200000, 116:40688461, 6110, 16
LOOKUP, 16, 2, 8, 16, 200000, 0:162831995, 6110, 16
INSERT, 16, 2, 8, 32, 200000, 58:260644751, 3087, 16
LOOKUP, 16, 2, 8, 32, 200000, 0:153142063, 3087, 16
INSERT, 16, 2, 8, 64, 200000, 29:971005620, 1546, 16
LOOKUP, 16, 2, 8, 64, 200000, 0:161019922, 1546, 16
INSERT, 16, 2, 8, 128, 200000, 16:146295710, 769, 5
LOOKUP, 16, 2, 8, 128, 200000, 0:171146886, 769, 5
INSERT, 16, 2, 8, 256, 200000, 501:693662958, 27886, 16
LOOKUP, 16, 2, 8, 256, 200000, 0:157055615, 27886, 16
INSERT, 16, 2, 8, 512, 200000, 503:395244299, 28007, 16
LOOKUP, 16, 2, 8, 512, 200000, 0:142193169, 28007, 16
INSERT, 16, 2, 16, 8, 200000, 109:280082765, 12048, 16
LOOKUP, 16, 2, 16, 8, 200000, 0:178251519, 12048, 16
INSERT, 16, 2, 16, 16, 200000, 58:645940925, 6221, 16
LOOKUP, 16, 2, 16, 16, 200000, 0:178416943, 6221, 16
INSERT, 16, 2, 16, 32, 200000, 30:456428391, 3159, 16
LOOKUP, 16, 2, 16, 32, 200000, 0:166406539, 3159, 16
INSERT, 16, 2, 16, 64, 200000, 15:600855617, 1558, 3
LOOKUP, 16, 2, 16, 64, 200000, 0:171238220, 1558, 3
INSERT, 16, 2, 16, 128, 200000, 8:979464662, 779, 3
LOOKUP, 16, 2, 16, 128, 200000, 0:149538738, 779, 3
INSERT, 16, 2, 16, 256, 200000, 250:905708137, 28095, 16
LOOKUP, 16, 2, 16, 256, 200000, 0:163514534, 28095, 16
INSERT, 16, 2, 16, 512, 200000, 250:619670510, 28191, 16
LOOKUP, 16, 2, 16, 512, 200000, 0:159609364, 28191, 16
INSERT, 16, 2, 32, 8, 200000, 53:335600755, 12029, 16
LOOKUP, 16, 2, 32, 8, 200000, 0:164965008, 12029, 16
INSERT, 16, 2, 32, 16, 200000, 28:999057067, 6275, 16
LOOKUP, 16, 2, 32, 16, 200000, 0:173630310, 6275, 16
INSERT, 16, 2, 32, 32, 200000, 15:158622440, 3190, 16
LOOKUP, 16, 2, 32, 32, 200000, 0:159797302, 3190, 16
INSERT, 16, 2, 32, 64, 200000, 8:405536436, 1565, 16
LOOKUP, 16, 2, 32, 64, 200000, 0:157075513, 1565, 16
INSERT, 16, 2, 32, 128, 200000, 5:123476382, 771, 4
LOOKUP, 16, 2, 32, 128, 200000, 0:158497416, 771, 4
INSERT, 16, 2, 32, 256, 200000, 122:650957347, 27869, 16
LOOKUP, 16, 2, 32, 256, 200000, 0:179126418, 27869, 16
INSERT, 16, 2, 32, 512, 200000, 120:705185706, 27769, 16
LOOKUP, 16, 2, 32, 512, 200000, 0:167031772, 27769, 16
INSERT, 16, 2, 64, 8, 200000, 24:679241526, 11637, 16
LOOKUP, 16, 2, 64, 8, 200000, 0:172107196, 11637, 16
INSERT, 16, 2, 64, 16, 200000, 13:667863057, 6310, 8
LOOKUP, 16, 2, 64, 16, 200000, 0:170248717, 6310, 8
INSERT, 16, 2, 64, 32, 200000, 7:612838958, 3125, 16
LOOKUP, 16, 2, 64, 32, 200000, 0:158602718, 3125, 16
INSERT, 16, 2, 64, 64, 200000, 5:20562369, 1601, 16
LOOKUP, 16, 2, 64, 64, 200000, 0:174836955, 1601, 16
INSERT, 16, 2, 64, 128, 200000, 3:613817815, 768, 4
LOOKUP, 16, 2, 64, 128, 200000, 0:163821968, 768, 4
INSERT, 16, 2, 64, 256, 200000, 56:544213041, 27689, 16
LOOKUP, 16, 2, 64, 256, 200000, 0:171246544, 27689, 16
INSERT, 16, 2, 64, 512, 200000, 55:773952193, 27649, 16
LOOKUP, 16, 2, 64, 512, 200000, 0:177143666, 27649, 16
INSERT, 16, 2, 128, 8, 200000, 11:222185406, 11910, 16
LOOKUP, 16, 2, 128, 8, 200000, 0:180527858, 11910, 16
INSERT, 16, 2, 128, 16, 200000, 6:646891897, 6144, 16
LOOKUP, 16, 2, 128, 16, 200000, 0:166246826, 6144, 16
INSERT, 16, 2, 128, 32, 200000, 4:297050581, 3073, 16
LOOKUP, 16, 2, 128, 32, 200000, 0:163656071, 3073, 16
INSERT, 16, 2, 128, 64, 200000, 3:148611781, 1536, 4
LOOKUP, 16, 2, 128, 64, 200000, 0:157263250, 1536, 4
INSERT, 16, 2, 128, 128, 200000, 2:930580585, 768, 16
LOOKUP, 16, 2, 128, 128, 200000, 0:171616802, 768, 16
INSERT, 16, 2, 128, 256, 200000, 25:736536876, 27687, 16
LOOKUP, 16, 2, 128, 256, 200000, 0:178765605, 27687, 16
INSERT, 16, 2, 128, 512, 200000, 25:439512537, 28081, 15
LOOKUP, 16, 2, 128, 512, 200000, 0:202436674, 28081, 15
INSERT, 16, 2, 256, 8, 200000, 5:645711980, 11880, 16
LOOKUP, 16, 2, 256, 8, 200000, 0:166294829, 11880, 16
INSERT, 16, 2, 256, 16, 200000, 3:882014822, 6121, 16
LOOKUP, 16, 2, 256, 16, 200000, 0:157961653, 6121, 16
INSERT, 16, 2, 256, 32, 200000, 2:958510336, 3072, 5
LOOKUP, 16, 2, 256, 32, 200000, 0:154982237, 3072, 5
INSERT, 16, 2, 256, 64, 200000, 2:438839134, 1405, 16
LOOKUP, 16, 2, 256, 64, 200000, 0:199869827, 1405, 16
INSERT, 16, 2, 256, 128, 200000, 2:580947341, 768, 3
LOOKUP, 16, 2, 256, 128, 200000, 0:184327368, 768, 3
INSERT, 16, 2, 256, 256, 200000, 12:206572968, 28585, 16
LOOKUP, 16, 2, 256, 256, 200000, 0:178278450, 28585, 16
INSERT, 16, 2, 256, 512, 200000, 12:142595065, 27330, 16
LOOKUP, 16, 2, 256, 512, 200000, 0:173685886, 27330, 16
INSERT, 16, 2, 512, 8, 200000, 3:443138371, 11597, 16
LOOKUP, 16, 2, 512, 8, 200000, 0:167316674, 11597, 16
INSERT, 16, 2, 512, 16, 200000, 2:655053931, 6128, 16
LOOKUP, 16, 2, 512, 16, 200000, 0:153990748, 6128, 16
INSERT, 16, 2, 512, 32, 200000, 2:268505112, 3141, 12
LOOKUP, 16, 2, 512, 32, 200000, 0:161808723, 3141, 12
INSERT, 16, 2, 512, 64, 200000, 2:220226354, 1536, 3
LOOKUP, 16, 2, 512, 64, 200000, 0:196190774, 1536, 3
INSERT, 16, 2, 512, 128, 200000, 2:433525976, 512, 3
LOOKUP, 16, 2, 512, 128, 200000, 0:368674666, 512, 3
INSERT, 16, 2, 512, 256, 200000, 6:472414170, 27023, 16
LOOKUP, 16, 2, 512, 256, 200000, 0:165741527, 27023, 16
INSERT, 16, 2, 512, 512, 200000, 6:468068570, 27504, 16
LOOKUP, 16, 2, 512, 512, 200000, 0:167512906, 27504, 16
INSERT, 16, 4, 8, 8, 200000, 156:854371998, 6096, 16
LOOKUP, 16, 4, 8, 8, 200000, 0:179574607, 6096, 16
INSERT, 16, 4, 8, 16, 200000, 81:616010028, 3092, 16
LOOKUP, 16, 4, 8, 16, 200000, 0:189637589, 3092, 16
INSERT, 16, 4, 8, 32, 200000, 44:638364439, 1527, 10
LOOKUP, 16, 4, 8, 32, 200000, 0:203375200, 1527, 10
INSERT, 16, 4, 8, 64, 200000, 23:743641386, 769, 8
LOOKUP, 16, 4, 8, 64, 200000, 0:181130199, 769, 8
INSERT, 16, 4, 8, 128, 200000, 13:477387597, 388, 5
LOOKUP, 16, 4, 8, 128, 200000, 0:196645392, 388, 5
INSERT, 16, 4, 8, 256, 200000, 392:254270646, 16286, 16
LOOKUP, 16, 4, 8, 256, 200000, 0:194827168, 16286, 16
INSERT, 16, 4, 8, 512, 200000, 387:834357874, 16209, 16
LOOKUP, 16, 4, 8, 512, 200000, 0:197686564, 16209, 16
INSERT, 16, 4, 16, 8, 200000, 81:667418233, 6542, 16
LOOKUP, 16, 4, 16, 8, 200000, 0:215177224, 6542, 16
INSERT, 16, 4, 16, 16, 200000, 44:377060316, 3341, 16
LOOKUP, 16, 4, 16, 16, 200000, 0:221499161, 3341, 16
INSERT, 16, 4, 16, 32, 200000, 23:852757217, 1614, 11
LOOKUP, 16, 4, 16, 32, 200000, 0:221926114, 1614, 11
INSERT, 16, 4, 16, 64, 200000, 12:516940975, 805, 9
LOOKUP, 16, 4, 16, 64, 200000, 0:192652189, 805, 9
INSERT, 16, 4, 16, 128, 200000, 7:625445031, 399, 7
LOOKUP, 16, 4, 16, 128, 200000, 0:208863500, 399, 7
INSERT, 16, 4, 16, 256, 200000, 192:73472625, 16638, 16
LOOKUP, 16, 4, 16, 256, 200000, 0:226284497, 16638, 16
INSERT, 16, 4, 16, 512, 200000, 193:557478237, 16757, 16
LOOKUP, 16, 4, 16, 512, 200000, 0:195410812, 16757, 16
INSERT, 16, 4, 32, 8, 200000, 39:630406452, 6968, 16
LOOKUP, 16, 4, 32, 8, 200000, 0:234534307, 6968, 16
INSERT, 16, 4, 32, 16, 200000, 21:236996000, 3580, 16
LOOKUP, 16, 4, 32, 16, 200000, 0:209778210, 3580, 16
INSERT, 16, 4, 32, 32, 200000, 11:82461662, 1688, 16
LOOKUP, 16, 4, 32, 32, 200000, 0:203131350, 1688, 16
INSERT, 16, 4, 32, 64, 200000, 6:298044652, 798, 16
LOOKUP, 16, 4, 32, 64, 200000, 0:204302707, 798, 16
INSERT, 16, 4, 32, 128, 200000, 4:353330144, 417, 16
LOOKUP, 16, 4, 32, 128, 200000, 0:197704004, 417, 16
INSERT, 16, 4, 32, 256, 200000, 87:340523354, 16325, 16
LOOKUP, 16, 4, 32, 256, 200000, 0:200811892, 16325, 16
INSERT, 16, 4, 32, 512, 200000, 88:133694985, 16868, 16
LOOKUP, 16, 4, 32, 512, 200000, 0:229213714, 16868, 16
INSERT, 16, 4, 64, 8, 200000, 16:711986690, 6963, 16
LOOKUP, 16, 4, 64, 8, 200000, 0:218307082, 6963, 16
INSERT, 16, 4, 64, 16, 200000, 9:494267264, 3532, 16
LOOKUP, 16, 4, 64, 16, 200000, 0:217170635, 3532, 16
INSERT, 16, 4, 64, 32, 200000, 5:488101996, 1728, 16
LOOKUP, 16, 4, 64, 32, 200000, 0:204522005, 1728, 16
INSERT, 16, 4, 64, 64, 200000, 3:897158133, 924, 16
LOOKUP, 16, 4, 64, 64, 200000, 0:211130671, 924, 16
INSERT, 16, 4, 64, 128, 200000, 3:26328362, 384, 16
LOOKUP, 16, 4, 64, 128, 200000, 0:244338651, 384, 16
INSERT, 16, 4, 64, 256, 200000, 36:870139424, 15410, 16
LOOKUP, 16, 4, 64, 256, 200000, 0:222487384, 15410, 16
INSERT, 16, 4, 64, 512, 200000, 37:32212246, 15858, 16
LOOKUP, 16, 4, 64, 512, 200000, 0:218013927, 15858, 16
INSERT, 16, 4, 128, 8, 200000, 7:716402369, 6657, 16
LOOKUP, 16, 4, 128, 8, 200000, 0:210815751, 6657, 16
INSERT, 16, 4, 128, 16, 200000, 4:746387618, 3274, 16
LOOKUP, 16, 4, 128, 16, 200000, 0:201045319, 3274, 16
INSERT, 16, 4, 128, 32, 200000, 3:307183698, 1664, 16
LOOKUP, 16, 4, 128, 32, 200000, 0:205502872, 1664, 16
INSERT, 16, 4, 128, 64, 200000, 2:763678845, 920, 10
LOOKUP, 16, 4, 128, 64, 200000, 0:225763600, 920, 10
INSERT, 16, 4, 128, 128, 200000, 2:758373516, 441, 16
LOOKUP, 16, 4, 128, 128, 200000, 0:276864171, 441, 16
INSERT, 16, 4, 128, 256, 200000, 17:266043505, 15811, 16
LOOKUP, 16, 4, 128, 256, 200000, 0:214311930, 15811, 16
INSERT, 16, 4, 128, 512, 200000, 17:172404389, 15390, 16
LOOKUP, 16, 4, 128, 512, 200000, 0:205048582, 15390, 16
INSERT, 16, 4, 256, 8, 200000, 5:137141427, 7713, 16
LOOKUP, 16, 4, 256, 8, 200000, 0:199453655, 7713, 16
INSERT, 16, 4, 256, 16, 200000, 3:78144996, 3838, 16
LOOKUP, 16, 4, 256, 16, 200000, 0:201298661, 3838, 16
INSERT, 16, 4, 256, 32, 200000, 2:520148630, 1536, 16
LOOKUP, 16, 4, 256, 32, 200000, 0:205436237, 1536, 16
INSERT, 16, 4, 256, 64, 200000, 2:372549193, 768, 16
LOOKUP, 16, 4, 256, 64, 200000, 0:235532368, 768, 16
INSERT, 16, 4, 256, 128, 200000, 2:469348841, 256, 11
LOOKUP, 16, 4, 256, 128, 200000, 0:615972774, 256, 11
INSERT, 16, 4, 256, 256, 200000, 8:748155910, 15981, 16
LOOKUP, 16, 4, 256, 256, 200000, 0:205272254, 15981, 16
INSERT, 16, 4, 256, 512, 200000, 9:21915961, 18484, 16
LOOKUP, 16, 4, 256, 512, 200000, 0:204220970, 18484, 16
INSERT, 16, 4, 512, 8, 200000, 3:203383329, 7841, 16
LOOKUP, 16, 4, 512, 8, 200000, 0:211572033, 7841, 16
INSERT, 16, 4, 512, 16, 200000, 2:313773526, 3012, 16
LOOKUP, 16, 4, 512, 16, 200000, 0:211636675, 3012, 16
INSERT, 16, 4, 512, 32, 200000, 2:230105441, 1500, 16
LOOKUP, 16, 4, 512, 32, 200000, 0:213204085, 1500, 16
INSERT, 16, 4, 512, 64, 200000, 2:362951886, 1024, 16
LOOKUP, 16, 4, 512, 64, 200000, 0:266076030, 1024, 16
INSERT, 16, 4, 512, 128, 200000, 2:784022256, 512, 14
LOOKUP, 16, 4, 512, 128, 200000, 0:253292127, 512, 14
INSERT, 16, 4, 512, 256, 200000, 4:926015857, 18563, 16
LOOKUP, 16, 4, 512, 256, 200000, 0:203998179, 18563, 16
INSERT, 16, 4, 512, 512, 200000, 4:660591093, 15880, 16
LOOKUP, 16, 4, 512, 512, 200000, 0:214780466, 15880, 16
INSERT, 16, 8, 8, 8, 200000, 122:619458798, 3086, 16
LOOKUP, 16, 8, 8, 8, 200000, 0:204887120, 3086, 16
INSERT, 16, 8, 8, 16, 200000, 68:351191182, 1549, 16
LOOKUP, 16, 8, 8, 16, 200000, 0:211862863, 1549, 16
INSERT, 16, 8, 8, 32, 200000, 37:509787887, 774, 11
LOOKUP, 16, 8, 8, 32, 200000, 0:197182367, 774, 11
INSERT, 16, 8, 8, 64, 200000, 21:973842328, 385, 7
LOOKUP, 16, 8, 8, 64, 200000, 0:203118950, 385, 7
INSERT, 16, 8, 8, 128, 200000, 11:887903689, 192, 3
LOOKUP, 16, 8, 8, 128, 200000, 0:213087312, 192, 3
INSERT, 16, 8, 8, 256, 200000, 306:928885880, 9092, 16
LOOKUP, 16, 8, 8, 256, 200000, 0:203146787, 9092, 16
INSERT, 16, 8, 8, 512, 200000, 319:624121627, 9182, 16
LOOKUP, 16, 8, 8, 512, 200000, 0:197752273, 9182, 16
INSERT, 16, 8, 16, 8, 200000, 59:922575527, 3424, 16
LOOKUP, 16, 8, 16, 8, 200000, 0:223622101, 3424, 16
INSERT, 16, 8, 16, 16, 200000, 33:994489070, 1681, 14
LOOKUP, 16, 8, 16, 16, 200000, 0:232388291, 1681, 14
INSERT, 16, 8, 16, 32, 200000, 17:404589388, 776, 16
LOOKUP, 16, 8, 16, 32, 200000, 0:228853731, 776, 16
INSERT, 16, 8, 16, 64, 200000, 8:983212169, 398, 8
LOOKUP, 16, 8, 16, 64, 200000, 0:217437279, 398, 8
INSERT, 16, 8, 16, 128, 200000, 5:771379714, 192, 8
LOOKUP, 16, 8, 16, 128, 200000, 0:227576815, 192, 8
INSERT, 16, 8, 16, 256, 200000, 155:215782257, 10345, 16
LOOKUP, 16, 8, 16, 256, 200000, 0:220235904, 10345, 16
INSERT, 16, 8, 16, 512, 200000, 149:607357692, 10043, 16
LOOKUP, 16, 8, 16, 512, 200000, 0:216932867, 10043, 16
INSERT, 16, 8, 32, 8, 200000, 26:175263665, 3712, 16
LOOKUP, 16, 8, 32, 8, 200000, 0:221912757, 3712, 16
INSERT, 16, 8, 32, 16, 200000, 14:685948006, 1842, 14
LOOKUP, 16, 8, 32, 16, 200000, 0:233398369, 1842, 14
INSERT, 16, 8, 32, 32, 200000, 7:920464235, 829, 9
LOOKUP, 16, 8, 32, 32, 200000, 0:241452811, 829, 9
INSERT, 16, 8, 32, 64, 200000, 4:777416892, 383, 13
LOOKUP, 16, 8, 32, 64, 200000, 0:239898542, 383, 13
INSERT, 16, 8, 32, 128, 200000, 3:530475604, 192, 5
LOOKUP, 16, 8, 32, 128, 200000, 0:243134317, 192, 5
INSERT, 16, 8, 32, 256, 200000, 67:35512445, 10652, 16
LOOKUP, 16, 8, 32, 256, 200000, 0:220619074, 10652, 16
INSERT, 16, 8, 32, 512, 200000, 64:556205525, 10474, 16
LOOKUP, 16, 8, 32, 512, 200000, 0:224875450, 10474, 16
INSERT, 16, 8, 64, 8, 200000, 10:674451210, 3878, 16
LOOKUP, 16, 8, 64, 8, 200000, 0:225161541, 3878, 16
INSERT, 16, 8, 64, 16, 200000, 6:58547831, 1695, 16
LOOKUP, 16, 8, 64, 16, 200000, 0:225486528, 1695, 16
INSERT, 16, 8, 64, 32, 200000, 3:520937147, 768, 16
LOOKUP, 16, 8, 64, 32, 200000, 0:224233259, 768, 16
INSERT, 16, 8, 64, 64, 200000, 2:700808794, 384, 12
LOOKUP, 16, 8, 64, 64, 200000, 0:249373613, 384, 12
INSERT, 16, 8, 64, 128, 200000, 2:707162513, 192, 9
LOOKUP, 16, 8, 64, 128, 200000, 0:246766294, 192, 9
INSERT, 16, 8, 64, 256, 200000, 26:130341848, 10079, 16
LOOKUP, 16, 8, 64, 256, 200000, 0:221637550, 10079, 16
INSERT, 16, 8, 64, 512, 200000, 25:609353291, 10144, 16
LOOKUP, 16, 8, 64, 512, 200000, 0:215572397, 10144, 16
INSERT, 16, 8, 128, 8, 200000, 5:464308481, 3627, 16
LOOKUP, 16, 8, 128, 8, 200000, 0:224829752, 3627, 16
INSERT, 16, 8, 128, 16, 200000, 3:723257970, 1662, 16
LOOKUP, 16, 8, 128, 16, 200000, 0:217495048, 1662, 16
INSERT, 16, 8, 128, 32, 200000, 2:710580390, 896, 16
LOOKUP, 16, 8, 128, 32, 200000, 0:242182944, 896, 16
INSERT, 16, 8, 128, 64, 200000, 2:168826483, 259, 11
LOOKUP, 16, 8, 128, 64, 200000, 0:302960026, 259, 11
INSERT, 16, 8, 128, 128, 200000, 2:203664365, 128, 9
LOOKUP, 16, 8, 128, 128, 200000, 0:377285802, 128, 9
INSERT, 16, 8, 128, 256, 200000, 11:784321675, 10889, 16
LOOKUP, 16, 8, 128, 256, 200000, 0:218758552, 10889, 16
INSERT, 16, 8, 128, 512, 200000, 11:601939042, 10639, 16
LOOKUP, 16, 8, 128, 512, 200000, 0:215955512, 10639, 16
INSERT, 16, 8, 256, 8, 200000, 2:826483301, 3348, 16
LOOKUP, 16, 8, 256, 8, 200000, 0:217073703, 3348, 16
INSERT, 16, 8, 256, 16, 200000, 2:239300456, 1630, 16
LOOKUP, 16, 8, 256, 16, 200000, 0:226113056, 1630, 16
INSERT, 16, 8, 256, 32, 200000, 2:65202667, 748, 16
LOOKUP, 16, 8, 256, 32, 200000, 0:233941846, 748, 16
INSERT, 16, 8, 256, 64, 200000, 2:10615420, 256, 12
LOOKUP, 16, 8, 256, 64, 200000, 0:278377927, 256, 12
INSERT, 16, 8, 256, 128, 200000, 2:580362036, 256, 9
LOOKUP, 16, 8, 256, 128, 200000, 0:319772202, 256, 9
INSERT, 16, 8, 256, 256, 200000, 6:145721408, 11024, 16
LOOKUP, 16, 8, 256, 256, 200000, 0:213921248, 11024, 16
INSERT, 16, 8, 256, 512, 200000, 5:819158016, 10464, 16
LOOKUP, 16, 8, 256, 512, 200000, 0:215054521, 10464, 16
INSERT, 16, 8, 512, 8, 200000, 2:420390462, 4248, 16
LOOKUP, 16, 8, 512, 8, 200000, 0:229627051, 4248, 16
INSERT, 16, 8, 512, 16, 200000, 1:925728674, 1721, 12
LOOKUP, 16, 8, 512, 16, 200000, 0:240703474, 1721, 12
INSERT, 16, 8, 512, 32, 200000, 1:779814710, 512, 16
LOOKUP, 16, 8, 512, 32, 200000, 0:286767266, 512, 16
INSERT, 16, 8, 512, 64, 200000, 1:861025921, 0, 2
LOOKUP, 16, 8, 512, 64, 200000, 0:668344401, 0, 2
INSERT, 16, 8, 512, 128, 200000, 1:863662381, 0, 2
LOOKUP, 16, 8, 512, 128, 200000, 0:646319567, 0, 2
INSERT, 16, 8, 512, 256, 200000, 4:88241560, 12646, 16
LOOKUP, 16, 8, 512, 256, 200000, 0:216111777, 12646, 16
INSERT, 16, 8, 512, 512, 200000, 3:969691834, 14866, 16
LOOKUP, 16, 8, 512, 512, 200000, 0:217747768, 14866, 16
INSERT, 32, 1, 8, 8, 200000, 196:144331034, 22208, 2
LOOKUP, 32, 1, 8, 8, 200000, 0:86501862, 22208, 2
INSERT, 32, 1, 8, 16, 200000, 104:326215283, 11752, 2
LOOKUP, 32, 1, 8, 16, 200000, 0:87355290, 11752, 2
INSERT, 32, 1, 8, 32, 200000, 56:432651954, 6056, 2
LOOKUP, 32, 1, 8, 32, 200000, 0:91253333, 6056, 2
INSERT, 32, 1, 8, 64, 200000, 28:377896237, 3072, 2
LOOKUP, 32, 1, 8, 64, 200000, 0:86341645, 3072, 2
INSERT, 32, 1, 8, 128, 200000, 15:377603990, 1544, 2
LOOKUP, 32, 1, 8, 128, 200000, 0:87548475, 1544, 2
INSERT, 32, 1, 8, 256, 200000, 443:305823764, 49992, 2
LOOKUP, 32, 1, 8, 256, 200000, 0:86293758, 49992, 2
INSERT, 32, 1, 8, 512, 200000, 451:413536221, 49992, 2
LOOKUP, 32, 1, 8, 512, 200000, 0:91534873, 49992, 2
INSERT, 32, 1, 16, 8, 200000, 92:92193311, 22192, 2
LOOKUP, 32, 1, 16, 8, 200000, 0:91453025, 22192, 2
INSERT, 32, 1, 16, 16, 200000, 51:168459754, 11744, 2
LOOKUP, 32, 1, 16, 16, 200000, 0:98305346, 11744, 2
INSERT, 32, 1, 16, 32, 200000, 26:950186018, 6048, 2
LOOKUP, 32, 1, 16, 32, 200000, 0:94614802, 6048, 2
INSERT, 32, 1, 16, 64, 200000, 14:592835329, 3072, 2
LOOKUP, 32, 1, 16, 64, 200000, 0:92711178, 3072, 2
INSERT, 32, 1, 16, 128, 200000, 8:587187966, 1536, 2
LOOKUP, 32, 1, 16, 128, 200000, 0:99648089, 1536, 2
INSERT, 32, 1, 16, 256, 200000, 212:669466583, 49984, 2
LOOKUP, 32, 1, 16, 256, 200000, 0:97883037, 49984, 2
INSERT, 32, 1, 16, 512, 200000, 212:913129667, 49984, 2
LOOKUP, 32, 1, 16, 512, 200000, 0:98348265, 49984, 2
INSERT, 32, 1, 32, 8, 200000, 43:394534045, 22176, 2
LOOKUP, 32, 1, 32, 8, 200000, 0:112781610, 22176, 2
INSERT, 32, 1, 32, 16, 200000, 24:749868470, 11712, 2
LOOKUP, 32, 1, 32, 16, 200000, 0:108447160, 11712, 2
INSERT, 32, 1, 32, 32, 200000, 13:934716927, 6048, 2
LOOKUP, 32, 1, 32, 32, 200000, 0:103332844, 6048, 2
INSERT, 32, 1, 32, 64, 200000, 7:950002097, 3040, 2
LOOKUP, 32, 1, 32, 64, 200000, 0:108820910, 3040, 2
INSERT, 32, 1, 32, 128, 200000, 4:862970989, 1536, 2
LOOKUP, 32, 1, 32, 128, 200000, 0:96551953, 1536, 2
INSERT, 32, 1, 32, 256, 200000, 96:489537849, 49952, 2
LOOKUP, 32, 1, 32, 256, 200000, 0:116932972, 49952, 2
INSERT, 32, 1, 32, 512, 200000, 95:691329481, 49952, 2
LOOKUP, 32, 1, 32, 512, 200000, 0:113142418, 49952, 2
INSERT, 32, 1, 64, 8, 200000, 23:847597620, 22144, 2
LOOKUP, 32, 1, 64, 8, 200000, 0:126184333, 22144, 2
INSERT, 32, 1, 64, 16, 200000, 13:527590119, 11712, 2
LOOKUP, 32, 1, 64, 16, 200000, 0:117034103, 11712, 2
INSERT, 32, 1, 64, 32, 200000, 7:837426127, 6016, 2
LOOKUP, 32, 1, 64, 32, 200000, 0:110038553, 6016, 2
INSERT, 32, 1, 64, 64, 200000, 4:368593261, 3008, 2
LOOKUP, 32, 1, 64, 64, 200000, 0:111482192, 3008, 2
INSERT, 32, 1, 64, 128, 200000, 2:971196235, 1536, 2
LOOKUP, 32, 1, 64, 128, 200000, 0:108425968, 1536, 2
INSERT, 32, 1, 64, 256, 200000, 51:330126376, 49920, 2
LOOKUP, 32, 1, 64, 256, 200000, 0:133136527, 49920, 2
INSERT, 32, 1, 64, 512, 200000, 51:327863940, 49920, 2
LOOKUP, 32, 1, 64, 512, 200000, 0:128248895, 49920, 2
INSERT, 32, 1, 128, 8, 200000, 13:93516882, 22016, 2
LOOKUP, 32, 1, 128, 8, 200000, 0:124756504, 22016, 2
INSERT, 32, 1, 128, 16, 200000, 7:477974577, 11648, 2
LOOKUP, 32, 1, 128, 16, 200000, 0:125347018, 11648, 2
INSERT, 32, 1, 128, 32, 200000, 4:323025771, 6016, 2
LOOKUP, 32, 1, 128, 32, 200000, 0:117352355, 6016, 2
INSERT, 32, 1, 128, 64, 200000, 2:581029597, 2944, 2
LOOKUP, 32, 1, 128, 64, 200000, 0:121728355, 2944, 2
INSERT, 32, 1, 128, 128, 200000, 2:469381623, 1536, 2
LOOKUP, 32, 1, 128, 128, 200000, 0:133899176, 1536, 2
INSERT, 32, 1, 128, 256, 200000, 27:130335745, 49856, 2
LOOKUP, 32, 1, 128, 256, 200000, 0:139546804, 49856, 2
INSERT, 32, 1, 128, 512, 200000, 26:963829153, 49856, 2
LOOKUP, 32, 1, 128, 512, 200000, 0:132832798, 49856, 2
INSERT, 32, 1, 256, 8, 200000, 7:55979852, 22016, 2
LOOKUP, 32, 1, 256, 8, 200000, 0:131275799, 22016, 2
INSERT, 32, 1, 256, 16, 200000, 4:118092034, 11520, 2
LOOKUP, 32, 1, 256, 16, 200000, 0:124627362, 11520, 2
INSERT, 32, 1, 256, 32, 200000, 2:530878206, 5888, 2
LOOKUP, 32, 1, 256, 32, 200000, 0:122587701, 5888, 2
INSERT, 32, 1, 256, 64, 200000, 1:865107005, 2816, 2
LOOKUP, 32, 1, 256, 64, 200000, 0:139159037, 2816, 2
INSERT, 32, 1, 256, 128, 200000, 2:89227782, 1280, 2
LOOKUP, 32, 1, 256, 128, 200000, 0:233854965, 1280, 2
INSERT, 32, 1, 256, 256, 200000, 14:203480220, 49664, 2
LOOKUP, 32, 1, 256, 256, 200000, 0:132896533, 49664, 2
INSERT, 32, 1, 256, 512, 200000, 14:219580921, 49664, 2
LOOKUP, 32, 1, 256, 512, 200000, 0:122870173, 49664, 2
INSERT, 32, 1, 512, 8, 200000, 3:488850561, 21510, 2
LOOKUP, 32, 1, 512, 8, 200000, 0:136895153, 21510, 2
INSERT, 32, 1, 512, 16, 200000, 2:394348051, 11264, 2
LOOKUP, 32, 1, 512, 16, 200000, 0:136688933, 11264, 2
INSERT, 32, 1, 512, 32, 200000, 1:746120977, 5632, 2
LOOKUP, 32, 1, 512, 32, 200000, 0:134159762, 5632, 2
INSERT, 32, 1, 512, 64, 200000, 1:573557300, 2560, 2
LOOKUP, 32, 1, 512, 64, 200000, 0:185255282, 2560, 2
INSERT, 32, 1, 512, 128, 200000, 1:989605621, 1024, 2
LOOKUP, 32, 1, 512, 128, 200000, 0:440152335, 1024, 2
INSERT, 32, 1, 512, 256, 200000, 6:690294984, 49425, 2
LOOKUP, 32, 1, 512, 256, 200000, 0:142962127, 49425, 2
INSERT, 32, 1, 512, 512, 200000, 7:115842503, 49425, 2
LOOKUP, 32, 1, 512, 512, 200000, 0:134537913, 49425, 2
INSERT, 32, 2, 8, 8, 200000, 218:353514941, 11640, 32
LOOKUP, 32, 2, 8, 8, 200000, 0:154123934, 11640, 32
INSERT, 32, 2, 8, 16, 200000, 114:273129109, 6081, 32
LOOKUP, 32, 2, 8, 16, 200000, 0:172125263, 6081, 32
INSERT, 32, 2, 8, 32, 200000, 59:63476316, 3077, 32
LOOKUP, 32, 2, 8, 32, 200000, 0:166662630, 3077, 32
INSERT, 32, 2, 8, 64, 200000, 30:376800134, 1539, 32
LOOKUP, 32, 2, 8, 64, 200000, 0:161969053, 1539, 32
INSERT, 32, 2, 8, 128, 200000, 15:348553099, 769, 9
LOOKUP, 32, 2, 8, 128, 200000, 0:147094238, 769, 9
INSERT, 32, 2, 8, 256, 200000, 500:183956940, 28168, 32
LOOKUP, 32, 2, 8, 256, 200000, 0:169061430, 28168, 32
INSERT, 32, 2, 8, 512, 200000, 494:772667739, 28043, 32
LOOKUP, 32, 2, 8, 512, 200000, 0:151086939, 28043, 32
INSERT, 32, 2, 16, 8, 200000, 108:447958275, 11994, 32
LOOKUP, 32, 2, 16, 8, 200000, 0:157927714, 11994, 32
INSERT, 32, 2, 16, 16, 200000, 58:572865019, 6322, 32
LOOKUP, 32, 2, 16, 16, 200000, 0:155850143, 6322, 32
INSERT, 32, 2, 16, 32, 200000, 29:772124963, 3128, 9
LOOKUP, 32, 2, 16, 32, 200000, 0:152944775, 3128, 9
INSERT, 32, 2, 16, 64, 200000, 15:548447418, 1553, 17
LOOKUP, 32, 2, 16, 64, 200000, 0:165565241, 1553, 17
INSERT, 32, 2, 16, 128, 200000, 9:8999873, 784, 9
LOOKUP, 32, 2, 16, 128, 200000, 0:176297325, 784, 9
INSERT, 32, 2, 16, 256, 200000, 248:885146563, 28153, 32
LOOKUP, 32, 2, 16, 256, 200000, 0:162084367, 28153, 32
INSERT, 32, 2, 16, 512, 200000, 247:84313009, 28240, 32
LOOKUP, 32, 2, 16, 512, 200000, 0:168099232, 28240, 32
INSERT, 32, 2, 32, 8, 200000, 52:764197648, 12029, 32
LOOKUP, 32, 2, 32, 8, 200000, 0:174933633, 12029, 32
INSERT, 32, 2, 32, 16, 200000, 28:368176562, 6329, 32
LOOKUP, 32, 2, 32, 16, 200000, 0:170794849, 6329, 32
INSERT, 32, 2, 32, 32, 200000, 15:403412066, 3194, 17
LOOKUP, 32, 2, 32, 32, 200000, 0:170615134, 3194, 17
INSERT, 32, 2, 32, 64, 200000, 8:328837376, 1567, 6
LOOKUP, 32, 2, 32, 64, 200000, 0:165300794, 1567, 6
INSERT, 32, 2, 32, 128, 200000, 5:249838167, 767, 17
LOOKUP, 32, 2, 32, 128, 200000, 0:155600037, 767, 17
INSERT, 32, 2, 32, 256, 200000, 120:419427276, 27743, 32
LOOKUP, 32, 2, 32, 256, 200000, 0:174800501, 27743, 32
INSERT, 32, 2, 32, 512, 200000, 120:842601554, 27736, 32
LOOKUP, 32, 2, 32, 512, 200000, 0:175514862, 27736, 32
INSERT, 32, 2, 64, 8, 200000, 24:127848309, 11758, 11
LOOKUP, 32, 2, 64, 8, 200000, 0:178634373, 11758, 11
INSERT, 32, 2, 64, 16, 200000, 13:230177993, 6195, 30
LOOKUP, 32, 2, 64, 16, 200000, 0:174091180, 6195, 30
INSERT, 32, 2, 64, 32, 200000, 8:46167714, 3264, 7
LOOKUP, 32, 2, 64, 32, 200000, 0:163017086, 3264, 7
INSERT, 32, 2, 64, 64, 200000, 4:983641028, 1600, 18
LOOKUP, 32, 2, 64, 64, 200000, 0:160207413, 1600, 18
INSERT, 32, 2, 64, 128, 200000, 3:658201258, 768, 5
LOOKUP, 32, 2, 64, 128, 200000, 0:161513081, 768, 5
INSERT, 32, 2, 64, 256, 200000, 55:916924132, 27545, 32
LOOKUP, 32, 2, 64, 256, 200000, 0:168546619, 27545, 32
INSERT, 32, 2, 64, 512, 200000, 56:242060866, 27522, 32
LOOKUP, 32, 2, 64, 512, 200000, 0:197871119, 27522, 32
INSERT, 32, 2, 128, 8, 200000, 11:258929614, 11847, 32
LOOKUP, 32, 2, 128, 8, 200000, 0:174215536, 11847, 32
INSERT, 32, 2, 128, 16, 200000, 6:629894591, 6270, 17
LOOKUP, 32, 2, 128, 16, 200000, 0:170124108, 6270, 17
INSERT, 32, 2, 128, 32, 200000, 4:345452659, 3200, 12
LOOKUP, 32, 2, 128, 32, 200000, 0:180134955, 3200, 12
INSERT, 32, 2, 128, 64, 200000, 3:391327517, 1536, 4
LOOKUP, 32, 2, 128, 64, 200000, 0:158825509, 1536, 4
INSERT, 32, 2, 128, 128, 200000, 2:887876272, 768, 32
LOOKUP, 32, 2, 128, 128, 200000, 0:177099856, 768, 32
INSERT, 32, 2, 128, 256, 200000, 26:14916205, 27839, 32
LOOKUP, 32, 2, 128, 256, 200000, 0:179642659, 27839, 32
INSERT, 32, 2, 128, 512, 200000, 26:184981420, 27813, 32
LOOKUP, 32, 2, 128, 512, 200000, 0:182312140, 27813, 32
INSERT, 32, 2, 256, 8, 200000, 5:681439655, 11484, 17
LOOKUP, 32, 2, 256, 8, 200000, 0:170656758, 11484, 17
INSERT, 32, 2, 256, 16, 200000, 3:776942598, 6143, 9
LOOKUP, 32, 2, 256, 16, 200000, 0:163458770, 6143, 9
INSERT, 32, 2, 256, 32, 200000, 2:927037095, 3072, 14
LOOKUP, 32, 2, 256, 32, 200000, 0:162932127, 3072, 14
INSERT, 32, 2, 256, 64, 200000, 2:553973235, 1352, 6
LOOKUP, 32, 2, 256, 64, 200000, 0:180178264, 1352, 6
INSERT, 32, 2, 256, 128, 200000, 2:695115377, 768, 4
LOOKUP, 32, 2, 256, 128, 200000, 0:178080734, 768, 4
INSERT, 32, 2, 256, 256, 200000, 12:73470111, 28629, 26
LOOKUP, 32, 2, 256, 256, 200000, 0:179494662, 28629, 26
INSERT, 32, 2, 256, 512, 200000, 12:272517485, 28731, 32
LOOKUP, 32, 2, 256, 512, 200000, 0:169463928, 28731, 32
INSERT, 32, 2, 512, 8, 200000, 3:556953652, 11907, 17
LOOKUP, 32, 2, 512, 8, 200000, 0:162424615, 11907, 17
INSERT, 32, 2, 512, 16, 200000, 2:706368837, 5632, 32
LOOKUP, 32, 2, 512, 16, 200000, 0:153799752, 5632, 32
INSERT, 32, 2, 512, 32, 200000, 2:373105561, 3814, 6
LOOKUP, 32, 2, 512, 32, 200000, 0:169294781, 3814, 6
INSERT, 32, 2, 512, 64, 200000, 2:300281685, 1536, 5
LOOKUP, 32, 2, 512, 64, 200000, 0:168356094, 1536, 5
INSERT, 32, 2, 512, 128, 200000, 2:719590018, 741, 6
LOOKUP, 32, 2, 512, 128, 200000, 0:477608709, 741, 6
INSERT, 32, 2, 512, 256, 200000, 6:430460011, 27407, 23
LOOKUP, 32, 2, 512, 256, 200000, 0:171087174, 27407, 23
INSERT, 32, 2, 512, 512, 200000, 6:480928731, 29661, 32
LOOKUP, 32, 2, 512, 512, 200000, 0:186531517, 29661, 32
INSERT, 32, 4, 8, 8, 200000, 156:875113380, 6040, 32
LOOKUP, 32, 4, 8, 8, 200000, 0:194437973, 6040, 32
INSERT, 32, 4, 8, 16, 200000, 81:230431255, 3057, 22
LOOKUP, 32, 4, 8, 16, 200000, 0:188930617, 3057, 22
INSERT, 32, 4, 8, 32, 200000, 43:590890145, 1547, 15
LOOKUP, 32, 4, 8, 32, 200000, 0:180127307, 1547, 15
INSERT, 32, 4, 8, 64, 200000, 24:386850598, 772, 6
LOOKUP, 32, 4, 8, 64, 200000, 0:180145164, 772, 6
INSERT, 32, 4, 8, 128, 200000, 13:836219817, 389, 5
LOOKUP, 32, 4, 8, 128, 200000, 0:190503990, 389, 5
INSERT, 32, 4, 8, 256, 200000, 382:950033907, 16122, 32
LOOKUP, 32, 4, 8, 256, 200000, 0:189860120, 16122, 32
INSERT, 32, 4, 8, 512, 200000, 390:690174666, 16222, 23
LOOKUP, 32, 4, 8, 512, 200000, 0:190201089, 16222, 23
INSERT, 32, 4, 16, 8, 200000, 85:110893781, 6736, 32
LOOKUP, 32, 4, 16, 8, 200000, 0:212696484, 6736, 32
INSERT, 32, 4, 16, 16, 200000, 42:859904805, 3229, 32
LOOKUP, 32, 4, 16, 16, 200000, 0:208462848, 3229, 32
INSERT, 32, 4, 16, 32, 200000, 22:828112384, 1593, 9
LOOKUP, 32, 4, 16, 32, 200000, 0:202225128, 1593, 9
INSERT, 32, 4, 16, 64, 200000, 12:609724399, 793, 16
LOOKUP, 32, 4, 16, 64, 200000, 0:208734007, 793, 16
INSERT, 32, 4, 16, 128, 200000, 7:295901098, 385, 9
LOOKUP, 32, 4, 16, 128, 200000, 0:205312278, 385, 9
INSERT, 32, 4, 16, 256, 200000, 193:751594938, 16774, 32
LOOKUP, 32, 4, 16, 256, 200000, 0:195852677, 16774, 32
INSERT, 32, 4, 16, 512, 200000, 194:469861510, 16704, 32
LOOKUP, 32, 4, 16, 512, 200000, 0:202615609, 16704, 32
INSERT, 32, 4, 32, 8, 200000, 38:935956198, 6935, 32
LOOKUP, 32, 4, 32, 8, 200000, 0:213805943, 6935, 32
INSERT, 32, 4, 32, 16, 200000, 20:386527388, 3417, 32
LOOKUP, 32, 4, 32, 16, 200000, 0:222678925, 3417, 32
INSERT, 32, 4, 32, 32, 200000, 10:660275382, 1642, 32
LOOKUP, 32, 4, 32, 32, 200000, 0:206523201, 1642, 32
INSERT, 32, 4, 32, 64, 200000, 6:286205540, 826, 17
LOOKUP, 32, 4, 32, 64, 200000, 0:200443012, 826, 17
INSERT, 32, 4, 32, 128, 200000, 4:317835398, 384, 16
LOOKUP, 32, 4, 32, 128, 200000, 0:208051454, 384, 16
INSERT, 32, 4, 32, 256, 200000, 87:289698718, 16322, 32
LOOKUP, 32, 4, 32, 256, 200000, 0:218119410, 16322, 32
INSERT, 32, 4, 32, 512, 200000, 88:445669185, 16740, 32
LOOKUP, 32, 4, 32, 512, 200000, 0:197983046, 16740, 32
INSERT, 32, 4, 64, 8, 200000, 15:979704440, 6567, 32
LOOKUP, 32, 4, 64, 8, 200000, 0:210740594, 6567, 32
INSERT, 32, 4, 64, 16, 200000, 9:166083494, 3443, 32
LOOKUP, 32, 4, 64, 16, 200000, 0:211879529, 3443, 32
INSERT, 32, 4, 64, 32, 200000, 5:497104546, 1726, 32
LOOKUP, 32, 4, 64, 32, 200000, 0:221618523, 1726, 32
INSERT, 32, 4, 64, 64, 200000, 3:756867342, 832, 32
LOOKUP, 32, 4, 64, 64, 200000, 0:208768714, 832, 32
INSERT, 32, 4, 64, 128, 200000, 3:114624538, 384, 31
LOOKUP, 32, 4, 64, 128, 200000, 0:248457976, 384, 31
INSERT, 32, 4, 64, 256, 200000, 37:916499250, 16118, 32
LOOKUP, 32, 4, 64, 256, 200000, 0:207555418, 16118, 32
INSERT, 32, 4, 64, 512, 200000, 38:85061357, 16271, 32
LOOKUP, 32, 4, 64, 512, 200000, 0:225378742, 16271, 32
INSERT, 32, 4, 128, 8, 200000, 7:693003194, 6708, 32
LOOKUP, 32, 4, 128, 8, 200000, 0:208133203, 6708, 32
INSERT, 32, 4, 128, 16, 200000, 4:989997762, 3302, 32
LOOKUP, 32, 4, 128, 16, 200000, 0:212022309, 3302, 32
INSERT, 32, 4, 128, 32, 200000, 3:476093739, 1663, 10
LOOKUP, 32, 4, 128, 32, 200000, 0:206555923, 1663, 10
INSERT, 32, 4, 128, 64, 200000, 2:760720838, 768, 27
LOOKUP, 32, 4, 128, 64, 200000, 0:220614102, 768, 27
INSERT, 32, 4, 128, 128, 200000, 2:772228556, 329, 22
LOOKUP, 32, 4, 128, 128, 200000, 0:275059440, 329, 22
INSERT, 32, 4, 128, 256, 200000, 16:835785409, 15573, 32
LOOKUP, 32, 4, 128, 256, 200000, 0:215565554, 15573, 32
INSERT, 32, 4, 128, 512, 200000, 16:832710013, 15500, 32
LOOKUP, 32, 4, 128, 512, 200000, 0:214876739, 15500, 32
INSERT, 32, 4, 256, 8, 200000, 4:684633962, 6806, 32
LOOKUP, 32, 4, 256, 8, 200000, 0:209539372, 6806, 32
INSERT, 32, 4, 256, 16, 200000, 3:250317765, 4382, 27
LOOKUP, 32, 4, 256, 16, 200000, 0:201559004, 4382, 27
INSERT, 32, 4, 256, 32, 200000, 2:542348174, 1537, 27
LOOKUP, 32, 4, 256, 32, 200000, 0:204098480, 1537, 27
INSERT, 32, 4, 256, 64, 200000, 2:517804129, 978, 13
LOOKUP, 32, 4, 256, 64, 200000, 0:215143581, 978, 13
INSERT, 32, 4, 256, 128, 200000, 2:497595629, 256, 8
LOOKUP, 32, 4, 256, 128, 200000, 0:657820772, 256, 8
INSERT, 32, 4, 256, 256, 200000, 9:132391623, 17233, 32
LOOKUP, 32, 4, 256, 256, 200000, 0:189648738, 17233, 32
INSERT, 32, 4, 256, 512, 200000, 9:981126148, 18256, 32
LOOKUP, 32, 4, 256, 512, 200000, 0:194014458, 18256, 32
INSERT, 32, 4, 512, 8, 200000, 2:962014197, 7995, 32
LOOKUP, 32, 4, 512, 8, 200000, 0:194480490, 7995, 32
INSERT, 32, 4, 512, 16, 200000, 2:263666938, 3052, 32
LOOKUP, 32, 4, 512, 16, 200000, 0:196418323, 3052, 32
INSERT, 32, 4, 512, 32, 200000, 2:202963345, 2323, 23
LOOKUP, 32, 4, 512, 32, 200000, 0:227051611, 2323, 23
INSERT, 32, 4, 512, 64, 200000, 2:307366611, 765, 10
LOOKUP, 32, 4, 512, 64, 200000, 0:306089067, 765, 10
INSERT, 32, 4, 512, 128, 200000, 2:739030341, 507, 6
LOOKUP, 32, 4, 512, 128, 200000, 0:255113414, 507, 6
INSERT, 32, 4, 512, 256, 200000, 5:468264480, 19091, 32
LOOKUP, 32, 4, 512, 256, 200000, 0:199421509, 19091, 32
INSERT, 32, 4, 512, 512, 200000, 4:466726623, 16253, 32
LOOKUP, 32, 4, 512, 512, 200000, 0:202236455, 16253, 32
INSERT, 32, 8, 8, 8, 200000, 122:756022306, 3071, 32
LOOKUP, 32, 8, 8, 8, 200000, 0:208034723, 3071, 32
INSERT, 32, 8, 8, 16, 200000, 67:272595670, 1553, 19
LOOKUP, 32, 8, 8, 16, 200000, 0:206107921, 1553, 19
INSERT, 32, 8, 8, 32, 200000, 37:256725162, 771, 14
LOOKUP, 32, 8, 8, 32, 200000, 0:211969241, 771, 14
INSERT, 32, 8, 8, 64, 200000, 21:22891028, 380, 5
LOOKUP, 32, 8, 8, 64, 200000, 0:205857533, 380, 5
INSERT, 32, 8, 8, 128, 200000, 12:313859513, 191, 5
LOOKUP, 32, 8, 8, 128, 200000, 0:208275458, 191, 5
INSERT, 32, 8, 8, 256, 200000, 322:656787424, 9252, 32
LOOKUP, 32, 8, 8, 256, 200000, 0:215317848, 9252, 32
INSERT, 32, 8, 8, 512, 200000, 307:250706067, 8506, 32
LOOKUP, 32, 8, 8, 512, 200000, 0:181275905, 8506, 32
INSERT, 32, 8, 16, 8, 200000, 60:599142532, 3416, 32
LOOKUP, 32, 8, 16, 8, 200000, 0:201037825, 3416, 32
INSERT, 32, 8, 16, 16, 200000, 34:341583223, 1711, 20
LOOKUP, 32, 8, 16, 16, 200000, 0:225627871, 1711, 20
INSERT, 32, 8, 16, 32, 200000, 15:986807591, 784, 26
LOOKUP, 32, 8, 16, 32, 200000, 0:211464815, 784, 26
INSERT, 32, 8, 16, 64, 200000, 8:930172716, 399, 9
LOOKUP, 32, 8, 16, 64, 200000, 0:214325625, 399, 9
INSERT, 32, 8, 16, 128, 200000, 6:62317366, 192, 6
LOOKUP, 32, 8, 16, 128, 200000, 0:225899318, 192, 6
INSERT, 32, 8, 16, 256, 200000, 153:64163720, 10165, 32
LOOKUP, 32, 8, 16, 256, 200000, 0:204942710, 10165, 32
INSERT, 32, 8, 16, 512, 200000, 156:247331610, 10374, 32
LOOKUP, 32, 8, 16, 512, 200000, 0:214095628, 10374, 32
INSERT, 32, 8, 32, 8, 200000, 24:347918503, 3492, 32
LOOKUP, 32, 8, 32, 8, 200000, 0:227773500, 3492, 32
INSERT, 32, 8, 32, 16, 200000, 13:616341293, 1746, 17
LOOKUP, 32, 8, 32, 16, 200000, 0:239436361, 1746, 17
INSERT, 32, 8, 32, 32, 200000, 7:789926773, 813, 11
LOOKUP, 32, 8, 32, 32, 200000, 0:231535855, 813, 11
INSERT, 32, 8, 32, 64, 200000, 4:31607739, 384, 16
LOOKUP, 32, 8, 32, 64, 200000, 0:243490165, 384, 16
INSERT, 32, 8, 32, 128, 200000, 3:533057232, 192, 9
LOOKUP, 32, 8, 32, 128, 200000, 0:248683015, 192, 9
INSERT, 32, 8, 32, 256, 200000, 66:137914623, 10735, 32
LOOKUP, 32, 8, 32, 256, 200000, 0:217312687, 10735, 32
INSERT, 32, 8, 32, 512, 200000, 64:528192864, 10524, 32
LOOKUP, 32, 8, 32, 512, 200000, 0:214977202, 10524, 32
INSERT, 32, 8, 64, 8, 200000, 10:439729280, 3663, 32
LOOKUP, 32, 8, 64, 8, 200000, 0:226206803, 3663, 32
INSERT, 32, 8, 64, 16, 200000, 5:877248153, 1781, 22
LOOKUP, 32, 8, 64, 16, 200000, 0:218395078, 1781, 22
INSERT, 32, 8, 64, 32, 200000, 3:968135687, 819, 25
LOOKUP, 32, 8, 64, 32, 200000, 0:228434824, 819, 25
INSERT, 32, 8, 64, 64, 200000, 2:853917925, 384, 8
LOOKUP, 32, 8, 64, 64, 200000, 0:249847064, 384, 8
INSERT, 32, 8, 64, 128, 200000, 2:789236006, 179, 8
LOOKUP, 32, 8, 64, 128, 200000, 0:270210454, 179, 8
INSERT, 32, 8, 64, 256, 200000, 26:660296041, 10499, 32
LOOKUP, 32, 8, 64, 256, 200000, 0:221147746, 10499, 32
INSERT, 32, 8, 64, 512, 200000, 27:568861639, 10645, 32
LOOKUP, 32, 8, 64, 512, 200000, 0:215648959, 10645, 32
INSERT, 32, 8, 128, 8, 200000, 4:962507415, 3484, 32
LOOKUP, 32, 8, 128, 8, 200000, 0:222792017, 3484, 32
INSERT, 32, 8, 128, 16, 200000, 3:378515039, 1787, 32
LOOKUP, 32, 8, 128, 16, 200000, 0:233052786, 1787, 32
INSERT, 32, 8, 128, 32, 200000, 2:762774276, 892, 17
LOOKUP, 32, 8, 128, 32, 200000, 0:241994816, 892, 17
INSERT, 32, 8, 128, 64, 200000, 2:125735468, 384, 12
LOOKUP, 32, 8, 128, 64, 200000, 0:260767436, 384, 12
INSERT, 32, 8, 128, 128, 200000, 2:511911535, 128, 17
LOOKUP, 32, 8, 128, 128, 200000, 0:484289535, 128, 17
INSERT, 32, 8, 128, 256, 200000, 11:570716110, 10164, 32
LOOKUP, 32, 8, 128, 256, 200000, 0:214164931, 10164, 32
INSERT, 32, 8, 128, 512, 200000, 11:541550798, 10671, 32
LOOKUP, 32, 8, 128, 512, 200000, 0:216876170, 10671, 32
INSERT, 32, 8, 256, 8, 200000, 3:20871585, 3845, 32
LOOKUP, 32, 8, 256, 8, 200000, 0:214694701, 3845, 32
INSERT, 32, 8, 256, 16, 200000, 2:218988190, 1536, 32
LOOKUP, 32, 8, 256, 16, 200000, 0:221101058, 1536, 32
INSERT, 32, 8, 256, 32, 200000, 1:963392704, 769, 32
LOOKUP, 32, 8, 256, 32, 200000, 0:236535453, 769, 32
INSERT, 32, 8, 256, 64, 200000, 2:247578194, 357, 14
LOOKUP, 32, 8, 256, 64, 200000, 0:313239573, 357, 14
INSERT, 32, 8, 256, 128, 200000, 2:293641195, 0, 2
LOOKUP, 32, 8, 256, 128, 200000, 1:119788761, 0, 2
INSERT, 32, 8, 256, 256, 200000, 6:154963917, 9971, 32
LOOKUP, 32, 8, 256, 256, 200000, 0:212559330, 9971, 32
INSERT, 32, 8, 256, 512, 200000, 6:467008020, 11496, 32
LOOKUP, 32, 8, 256, 512, 200000, 0:214227172, 11496, 32
INSERT, 32, 8, 512, 8, 200000, 2:113215522, 3183, 32
LOOKUP, 32, 8, 512, 8, 200000, 0:225490993, 3183, 32
INSERT, 32, 8, 512, 16, 200000, 1:984305276, 2562, 26
LOOKUP, 32, 8, 512, 16, 200000, 0:230863166, 2562, 26
INSERT, 32, 8, 512, 32, 200000, 2:3050399, 1024, 16
LOOKUP, 32, 8, 512, 32, 200000, 0:253872956, 1024, 16
INSERT, 32, 8, 512, 64, 200000, 1:839172200, 0, 2
LOOKUP, 32, 8, 512, 64, 200000, 0:624178493, 0, 2
INSERT, 32, 8, 512, 128, 200000, 1:930489803, 0, 2
LOOKUP, 32, 8, 512, 128, 200000, 0:757564959, 0, 2
INSERT, 32, 8, 512, 256, 200000, 3:908293718, 12942, 32
LOOKUP, 32, 8, 512, 256, 200000, 0:210867137, 12942, 32
INSERT, 32, 8, 512, 512, 200000, 3:627729921, 10850, 32
LOOKUP, 32, 8, 512, 512, 200000, 0:217301600, 10850, 32
INSERT, 64, 1, 8, 8, 200000, 196:695663223, 22208, 2
LOOKUP, 64, 1, 8, 8, 200000, 0:88478161, 22208, 2
INSERT, 64, 1, 8, 16, 200000, 104:410874394, 11752, 2
LOOKUP, 64, 1, 8, 16, 200000, 0:84660286, 11752, 2
INSERT, 64, 1, 8, 32, 200000, 56:706550692, 6056, 2
LOOKUP, 64, 1, 8, 32, 200000, 0:89387032, 6056, 2
INSERT, 64, 1, 8, 64, 200000, 28:338755851, 3072, 2
LOOKUP, 64, 1, 8, 64, 200000, 0:88679640, 3072, 2
INSERT, 64, 1, 8, 128, 200000, 15:326702982, 1544, 2
LOOKUP, 64, 1, 8, 128, 200000, 0:93439798, 1544, 2
INSERT, 64, 1, 8, 256, 200000, 448:588870418, 49992, 2
LOOKUP, 64, 1, 8, 256, 200000, 0:88541527, 49992, 2
INSERT, 64, 1, 8, 512, 200000, 439:608021933, 49992, 2
LOOKUP, 64, 1, 8, 512, 200000, 0:87730548, 49992, 2
INSERT, 64, 1, 16, 8, 200000, 93:469805113, 22192, 2
LOOKUP, 64, 1, 16, 8, 200000, 0:101630076, 22192, 2
INSERT, 64, 1, 16, 16, 200000, 50:814496100, 11744, 2
LOOKUP, 64, 1, 16, 16, 200000, 0:100296112, 11744, 2
INSERT, 64, 1, 16, 32, 200000, 26:971606445, 6048, 2
LOOKUP, 64, 1, 16, 32, 200000, 0:97124839, 6048, 2
INSERT, 64, 1, 16, 64, 200000, 14:783440464, 3072, 2
LOOKUP, 64, 1, 16, 64, 200000, 0:104627445, 3072, 2
INSERT, 64, 1, 16, 128, 200000, 8:496861233, 1536, 2
LOOKUP, 64, 1, 16, 128, 200000, 0:98994537, 1536, 2
INSERT, 64, 1, 16, 256, 200000, 210:189175328, 49984, 2
LOOKUP, 64, 1, 16, 256, 200000, 0:95155197, 49984, 2
INSERT, 64, 1, 16, 512, 200000, 207:378045531, 49984, 2
LOOKUP, 64, 1, 16, 512, 200000, 0:94915121, 49984, 2
INSERT, 64, 1, 32, 8, 200000, 43:432693530, 22176, 2
LOOKUP, 64, 1, 32, 8, 200000, 0:110241421, 22176, 2
INSERT, 64, 1, 32, 16, 200000, 24:823154149, 11712, 2
LOOKUP, 64, 1, 32, 16, 200000, 0:113210847, 11712, 2
INSERT, 64, 1, 32, 32, 200000, 14:53553796, 6048, 2
LOOKUP, 64, 1, 32, 32, 200000, 0:110245627, 6048, 2
INSERT, 64, 1, 32, 64, 200000, 7:842771789, 3040, 2
LOOKUP, 64, 1, 32, 64, 200000, 0:104446700, 3040, 2
INSERT, 64, 1, 32, 128, 200000, 4:891105890, 1536, 2
LOOKUP, 64, 1, 32, 128, 200000, 0:94860098, 1536, 2
INSERT, 64, 1, 32, 256, 200000, 96:346639014, 49952, 2
LOOKUP, 64, 1, 32, 256, 200000, 0:113793262, 49952, 2
INSERT, 64, 1, 32, 512, 200000, 96:718350622, 49952, 2
LOOKUP, 64, 1, 32, 512, 200000, 0:110564670, 49952, 2
INSERT, 64, 1, 64, 8, 200000, 24:96959231, 22144, 2
LOOKUP, 64, 1, 64, 8, 200000, 0:117489373, 22144, 2
INSERT, 64, 1, 64, 16, 200000, 13:636134335, 11712, 2
LOOKUP, 64, 1, 64, 16, 200000, 0:117722276, 11712, 2
INSERT, 64, 1, 64, 32, 200000, 7:839163142, 6016, 2
LOOKUP, 64, 1, 64, 32, 200000, 0:111307210, 6016, 2
INSERT, 64, 1, 64, 64, 200000, 4:381137268, 3008, 2
LOOKUP, 64, 1, 64, 64, 200000, 0:116412209, 3008, 2
INSERT, 64, 1, 64, 128, 200000, 2:989756068, 1536, 2
LOOKUP, 64, 1, 64, 128, 200000, 0:111570497, 1536, 2
INSERT, 64, 1, 64, 256, 200000, 51:427591189, 49920, 2
LOOKUP, 64, 1, 64, 256, 200000, 0:132812905, 49920, 2
INSERT, 64, 1, 64, 512, 200000, 51:155248236, 49920, 2
LOOKUP, 64, 1, 64, 512, 200000, 0:129053076, 49920, 2
INSERT, 64, 1, 128, 8, 200000, 13:54649879, 22016, 2
LOOKUP, 64, 1, 128, 8, 200000, 0:128150956, 22016, 2
INSERT, 64, 1, 128, 16, 200000, 7:428643872, 11648, 2
LOOKUP, 64, 1, 128, 16, 200000, 0:121398964, 11648, 2
INSERT, 64, 1, 128, 32, 200000, 4:351560380, 6016, 2
LOOKUP, 64, 1, 128, 32, 200000, 0:123525968, 6016, 2
INSERT, 64, 1, 128, 64, 200000, 2:606042449, 2944, 2
LOOKUP, 64, 1, 128, 64, 200000, 0:130651850, 2944, 2
INSERT, 64, 1, 128, 128, 200000, 2:273397026, 1536, 2
LOOKUP, 64, 1, 128, 128, 200000, 0:129181513, 1536, 2
INSERT, 64, 1, 128, 256, 200000, 26:953221921, 49856, 2
LOOKUP, 64, 1, 128, 256, 200000, 0:139287015, 49856, 2
INSERT, 64, 1, 128, 512, 200000, 26:934848646, 49856, 2
LOOKUP, 64, 1, 128, 512, 200000, 0:142315656, 49856, 2
INSERT, 64, 1, 256, 8, 200000, 7:36056384, 22016, 2
LOOKUP, 64, 1, 256, 8, 200000, 0:122193300, 22016, 2
INSERT, 64, 1, 256, 16, 200000, 4:70087934, 11520, 2
LOOKUP, 64, 1, 256, 16, 200000, 0:120076424, 11520, 2
INSERT, 64, 1, 256, 32, 200000, 2:529848426, 5888, 2
LOOKUP, 64, 1, 256, 32, 200000, 0:117026344, 5888, 2
INSERT, 64, 1, 256, 64, 200000, 1:851324084, 2816, 2
LOOKUP, 64, 1, 256, 64, 200000, 0:139005541, 2816, 2
INSERT, 64, 1, 256, 128, 200000, 1:945295746, 1280, 2
LOOKUP, 64, 1, 256, 128, 200000, 0:245728600, 1280, 2
INSERT, 64, 1, 256, 256, 200000, 14:195813031, 49664, 2
LOOKUP, 64, 1, 256, 256, 200000, 0:131192786, 49664, 2
INSERT, 64, 1, 256, 512, 200000, 14:187622547, 49664, 2
LOOKUP, 64, 1, 256, 512, 200000, 0:123588212, 49664, 2
INSERT, 64, 1, 512, 8, 200000, 3:579342173, 21510, 2
LOOKUP, 64, 1, 512, 8, 200000, 0:137826302, 21510, 2
INSERT, 64, 1, 512, 16, 200000, 2:390673115, 11264, 2
LOOKUP, 64, 1, 512, 16, 200000, 0:135896644, 11264, 2
INSERT, 64, 1, 512, 32, 200000, 1:677883281, 5632, 2
LOOKUP, 64, 1, 512, 32, 200000, 0:134103236, 5632, 2
INSERT, 64, 1, 512, 64, 200000, 1:642191614, 2560, 2
LOOKUP, 64, 1, 512, 64, 200000, 0:177719171, 2560, 2
INSERT, 64, 1, 512, 128, 200000, 1:981528009, 1024, 2
LOOKUP, 64, 1, 512, 128, 200000, 0:417223319, 1024, 2
INSERT, 64, 1, 512, 256, 200000, 6:685727472, 49425, 2
LOOKUP, 64, 1, 512, 256, 200000, 0:140279706, 49425, 2
INSERT, 64, 1, 512, 512, 200000, 6:975262487, 49425, 2
LOOKUP, 64, 1, 512, 512, 200000, 0:143478519, 49425, 2
INSERT, 64, 2, 8, 8, 200000, 218:297316040, 11695, 64
LOOKUP, 64, 2, 8, 8, 200000, 0:153639439, 11695, 64
INSERT, 64, 2, 8, 16, 200000, 113:831012923, 6074, 40
LOOKUP, 64, 2, 8, 16, 200000, 0:168992771, 6074, 40
INSERT, 64, 2, 8, 32, 200000, 59:222984988, 3089, 59
LOOKUP, 64, 2, 8, 32, 200000, 0:204203326, 3089, 59
INSERT, 64, 2, 8, 64, 200000, 30:932576850, 1562, 23
LOOKUP, 64, 2, 8, 64, 200000, 0:161760712, 1562, 23
INSERT, 64, 2, 8, 128, 200000, 15:997420159, 774, 19
LOOKUP, 64, 2, 8, 128, 200000, 0:150771557, 774, 19
INSERT, 64, 2, 8, 256, 200000, 494:839245585, 27968, 64
LOOKUP, 64, 2, 8, 256, 200000, 0:174354644, 27968, 64
INSERT, 64, 2, 8, 512, 200000, 495:920746080, 28057, 64
LOOKUP, 64, 2, 8, 512, 200000, 0:142501141, 28057, 64
INSERT, 64, 2, 16, 8, 200000, 108:654349278, 12102, 47
LOOKUP, 64, 2, 16, 8, 200000, 0:157172402, 12102, 47
INSERT, 64, 2, 16, 16, 200000, 57:632255855, 6249, 48
LOOKUP, 64, 2, 16, 16, 200000, 0:167181915, 6249, 48
INSERT, 64, 2, 16, 32, 200000, 29:257708660, 3144, 54
LOOKUP, 64, 2, 16, 32, 200000, 0:163703892, 3144, 54
INSERT, 64, 2, 16, 64, 200000, 15:636983942, 1570, 9
LOOKUP, 64, 2, 16, 64, 200000, 0:163962810, 1570, 9
INSERT, 64, 2, 16, 128, 200000, 8:739645361, 782, 9
LOOKUP, 64, 2, 16, 128, 200000, 0:141987179, 782, 9
INSERT, 64, 2, 16, 256, 200000, 245:952406733, 28245, 16
LOOKUP, 64, 2, 16, 256, 200000, 0:168300894, 28245, 16
INSERT, 64, 2, 16, 512, 200000, 247:163157213, 28192, 47
LOOKUP, 64, 2, 16, 512, 200000, 0:168073727, 28192, 47
INSERT, 64, 2, 32, 8, 200000, 52:748609710, 11978, 63
LOOKUP, 64, 2, 32, 8, 200000, 0:174199978, 11978, 63
INSERT, 64, 2, 32, 16, 200000, 28:234976801, 6304, 31
LOOKUP, 64, 2, 32, 16, 200000, 0:171960305, 6304, 31
INSERT, 64, 2, 32, 32, 200000, 14:680672559, 3130, 48
LOOKUP, 64, 2, 32, 32, 200000, 0:163596756, 3130, 48
INSERT, 64, 2, 32, 64, 200000, 8:538271402, 1601, 6
LOOKUP, 64, 2, 32, 64, 200000, 0:151848409, 1601, 6
INSERT, 64, 2, 32, 128, 200000, 5:289353197, 769, 17
LOOKUP, 64, 2, 32, 128, 200000, 0:152889880, 769, 17
INSERT, 64, 2, 32, 256, 200000, 121:733335524, 27782, 64
LOOKUP, 64, 2, 32, 256, 200000, 0:186673890, 27782, 64
INSERT, 64, 2, 32, 512, 200000, 120:806351850, 27742, 64
LOOKUP, 64, 2, 32, 512, 200000, 0:159988857, 27742, 64
INSERT, 64, 2, 64, 8, 200000, 24:106930906, 11760, 41
LOOKUP, 64, 2, 64, 8, 200000, 0:174134543, 11760, 41
INSERT, 64, 2, 64, 16, 200000, 13:243707835, 6195, 17
LOOKUP, 64, 2, 64, 16, 200000, 0:173468387, 6195, 17
INSERT, 64, 2, 64, 32, 200000, 7:686301063, 3197, 33
LOOKUP, 64, 2, 64, 32, 200000, 0:166093667, 3197, 33
INSERT, 64, 2, 64, 64, 200000, 4:974114255, 1600, 19
LOOKUP, 64, 2, 64, 64, 200000, 0:159050925, 1600, 19
INSERT, 64, 2, 64, 128, 200000, 3:633900884, 768, 8
LOOKUP, 64, 2, 64, 128, 200000, 0:166241674, 768, 8
INSERT, 64, 2, 64, 256, 200000, 56:122339640, 27519, 64
LOOKUP, 64, 2, 64, 256, 200000, 0:176822621, 27519, 64
INSERT, 64, 2, 64, 512, 200000, 56:151715153, 27622, 64
LOOKUP, 64, 2, 64, 512, 200000, 0:174061160, 27622, 64
INSERT, 64, 2, 128, 8, 200000, 10:980517031, 11665, 64
LOOKUP, 64, 2, 128, 8, 200000, 0:178925509, 11665, 64
INSERT, 64, 2, 128, 16, 200000, 6:472750031, 6212, 48
LOOKUP, 64, 2, 128, 16, 200000, 0:186806287, 6212, 48
INSERT, 64, 2, 128, 32, 200000, 4:359311460, 3199, 4
LOOKUP, 64, 2, 128, 32, 200000, 0:166342738, 3199, 4
INSERT, 64, 2, 128, 64, 200000, 3:261703060, 1536, 29
LOOKUP, 64, 2, 128, 64, 200000, 0:171309710, 1536, 29
INSERT, 64, 2, 128, 128, 200000, 3:120306736, 896, 4
LOOKUP, 64, 2, 128, 128, 200000, 0:172080268, 896, 4
INSERT, 64, 2, 128, 256, 200000, 25:110822937, 28231, 64
LOOKUP, 64, 2, 128, 256, 200000, 0:178791439, 28231, 64
INSERT, 64, 2, 128, 512, 200000, 25:832340704, 27451, 64
LOOKUP, 64, 2, 128, 512, 200000, 0:185585865, 27451, 64
INSERT, 64, 2, 256, 8, 200000, 5:633231244, 12097, 18
LOOKUP, 64, 2, 256, 8, 200000, 0:178121655, 12097, 18
INSERT, 64, 2, 256, 16, 200000, 4:79358950, 6401, 13
LOOKUP, 64, 2, 256, 16, 200000, 0:161082812, 6401, 13
INSERT, 64, 2, 256, 32, 200000, 2:920464393, 2995, 17
LOOKUP, 64, 2, 256, 32, 200000, 0:158862163, 2995, 17
INSERT, 64, 2, 256, 64, 200000, 2:617425695, 1536, 13
LOOKUP, 64, 2, 256, 64, 200000, 0:171254981, 1536, 13
INSERT, 64, 2, 256, 128, 200000, 2:612176277, 768, 4
LOOKUP, 64, 2, 256, 128, 200000, 0:310822561, 768, 4
INSERT, 64, 2, 256, 256, 200000, 12:140173324, 28364, 22
LOOKUP, 64, 2, 256, 256, 200000, 0:181535172, 28364, 22
INSERT, 64, 2, 256, 512, 200000, 12:12891623, 27752, 18
LOOKUP, 64, 2, 256, 512, 200000, 0:178515401, 27752, 18
INSERT, 64, 2, 512, 8, 200000, 3:462723792, 11102, 27
LOOKUP, 64, 2, 512, 8, 200000, 0:169434610, 11102, 27
INSERT, 64, 2, 512, 16, 200000, 2:706757455, 5889, 9
LOOKUP, 64, 2, 512, 16, 200000, 0:156966808, 5889, 9
INSERT, 64, 2, 512, 32, 200000, 2:251649479, 3074, 9
LOOKUP, 64, 2, 512, 32, 200000, 0:163940069, 3074, 9
INSERT, 64, 2, 512, 64, 200000, 2:311530665, 1435, 7
LOOKUP, 64, 2, 512, 64, 200000, 0:183978402, 1435, 7
INSERT, 64, 2, 512, 128, 200000, 2:556276069, 519, 3
LOOKUP, 64, 2, 512, 128, 200000, 0:651551587, 519, 3
INSERT, 64, 2, 512, 256, 200000, 6:479110183, 28140, 31
LOOKUP, 64, 2, 512, 256, 200000, 0:167830853, 28140, 31
INSERT, 64, 2, 512, 512, 200000, 6:628869631, 29537, 39
LOOKUP, 64, 2, 512, 512, 200000, 0:172993038, 29537, 39
INSERT, 64, 4, 8, 8, 200000, 155:314239939, 6008, 64
LOOKUP, 64, 4, 8, 8, 200000, 0:193587664, 6008, 64
INSERT, 64, 4, 8, 16, 200000, 82:312295902, 3074, 17
LOOKUP, 64, 4, 8, 16, 200000, 0:202710569, 3074, 17
INSERT, 64, 4, 8, 32, 200000, 44:154401865, 1521, 20
LOOKUP, 64, 4, 8, 32, 200000, 0:188529080, 1521, 20
INSERT, 64, 4, 8, 64, 200000, 24:308351442, 764, 11
LOOKUP, 64, 4, 8, 64, 200000, 0:182786209, 764, 11
INSERT, 64, 4, 8, 128, 200000, 13:802270368, 385, 5
LOOKUP, 64, 4, 8, 128, 200000, 0:181001384, 385, 5
INSERT, 64, 4, 8, 256, 200000, 390:82697059, 16263, 43
LOOKUP, 64, 4, 8, 256, 200000, 0:205596433, 16263, 43
INSERT, 64, 4, 8, 512, 200000, 388:247941624, 16173, 60
LOOKUP, 64, 4, 8, 512, 200000, 0:191373761, 16173, 60
INSERT, 64, 4, 16, 8, 200000, 84:322448690, 6839, 30
LOOKUP, 64, 4, 16, 8, 200000, 0:206841943, 6839, 30
INSERT, 64, 4, 16, 16, 200000, 44:319377249, 3302, 36
LOOKUP, 64, 4, 16, 16, 200000, 0:209440047, 3302, 36
INSERT, 64, 4, 16, 32, 200000, 23:5577788, 1627, 16
LOOKUP, 64, 4, 16, 32, 200000, 0:205969727, 1627, 16
INSERT, 64, 4, 16, 64, 200000, 12:595712056, 810, 11
LOOKUP, 64, 4, 16, 64, 200000, 0:201316592, 810, 11
INSERT, 64, 4, 16, 128, 200000, 7:310858574, 400, 9
LOOKUP, 64, 4, 16, 128, 200000, 0:197552725, 400, 9
INSERT, 64, 4, 16, 256, 200000, 195:64762123, 16952, 64
LOOKUP, 64, 4, 16, 256, 200000, 0:196808396, 16952, 64
INSERT, 64, 4, 16, 512, 200000, 192:983735809, 16671, 64
LOOKUP, 64, 4, 16, 512, 200000, 0:201659219, 16671, 64
INSERT, 64, 4, 32, 8, 200000, 39:105654713, 7027, 64
LOOKUP, 64, 4, 32, 8, 200000, 0:216602043, 7027, 64
INSERT, 64, 4, 32, 16, 200000, 21:174857634, 3480, 32
LOOKUP, 64, 4, 32, 16, 200000, 0:218086521, 3480, 32
INSERT, 64, 4, 32, 32, 200000, 10:755704969, 1638, 17
LOOKUP, 64, 4, 32, 32, 200000, 0:204328021, 1638, 17
INSERT, 64, 4, 32, 64, 200000, 6:241740475, 800, 17
LOOKUP, 64, 4, 32, 64, 200000, 0:203830228, 800, 17
INSERT, 64, 4, 32, 128, 200000, 4:398293558, 416, 9
LOOKUP, 64, 4, 32, 128, 200000, 0:207175921, 416, 9
INSERT, 64, 4, 32, 256, 200000, 86:567974569, 16322, 64
LOOKUP, 64, 4, 32, 256, 200000, 0:201073833, 16322, 64
INSERT, 64, 4, 32, 512, 200000, 87:540718981, 16869, 64
LOOKUP, 64, 4, 32, 512, 200000, 0:208004652, 16869, 64
INSERT, 64, 4, 64, 8, 200000, 16:965225545, 6854, 57
LOOKUP, 64, 4, 64, 8, 200000, 0:223302757, 6854, 57
INSERT, 64, 4, 64, 16, 200000, 9:622336952, 3482, 59
LOOKUP, 64, 4, 64, 16, 200000, 0:209121656, 3482, 59
INSERT, 64, 4, 64, 32, 200000, 5:362408215, 1744, 33
LOOKUP, 64, 4, 64, 32, 200000, 0:210666257, 1744, 33
INSERT, 64, 4, 64, 64, 200000, 3:751038724, 832, 33
LOOKUP, 64, 4, 64, 64, 200000, 0:215094329, 832, 33
INSERT, 64, 4, 64, 128, 200000, 3:333157409, 449, 17
LOOKUP, 64, 4, 64, 128, 200000, 0:218556318, 449, 17
INSERT, 64, 4, 64, 256, 200000, 38:210964409, 16100, 64
LOOKUP, 64, 4, 64, 256, 200000, 0:206028545, 16100, 64
INSERT, 64, 4, 64, 512, 200000, 37:739102043, 16451, 64
LOOKUP, 64, 4, 64, 512, 200000, 0:206244439, 16451, 64
INSERT, 64, 4, 128, 8, 200000, 7:927373232, 6471, 31
LOOKUP, 64, 4, 128, 8, 200000, 0:210849358, 6471, 31
INSERT, 64, 4, 128, 16, 200000, 5:13097, 3630, 64
LOOKUP, 64, 4, 128, 16, 200000, 0:200883714, 3630, 64
INSERT, 64, 4, 128, 32, 200000, 3:226812162, 1664, 34
LOOKUP, 64, 4, 128, 32, 200000, 0:214060694, 1664, 34
INSERT, 64, 4, 128, 64, 200000, 3:4997171, 896, 37
LOOKUP, 64, 4, 128, 64, 200000, 0:207395320, 896, 37
INSERT, 64, 4, 128, 128, 200000, 2:710024338, 384, 29
LOOKUP, 64, 4, 128, 128, 200000, 0:220687741, 384, 29
INSERT, 64, 4, 128, 256, 200000, 17:511737747, 15725, 64
LOOKUP, 64, 4, 128, 256, 200000, 0:210653472, 15725, 64
INSERT, 64, 4, 128, 512, 200000, 17:276434198, 16399, 64
LOOKUP, 64, 4, 128, 512, 200000, 0:200819975, 16399, 64
INSERT, 64, 4, 256, 8, 200000, 4:882454161, 7274, 64
LOOKUP, 64, 4, 256, 8, 200000, 0:203019136, 7274, 64
INSERT, 64, 4, 256, 16, 200000, 2:998574155, 3503, 44
LOOKUP, 64, 4, 256, 16, 200000, 0:194662132, 3503, 44
INSERT, 64, 4, 256, 32, 200000, 2:419650457, 1539, 52
LOOKUP, 64, 4, 256, 32, 200000, 0:215434584, 1539, 52
INSERT, 64, 4, 256, 64, 200000, 2:405087258, 847, 54
LOOKUP, 64, 4, 256, 64, 200000, 0:253960142, 847, 54
INSERT, 64, 4, 256, 128, 200000, 2:895669333, 512, 29
LOOKUP, 64, 4, 256, 128, 200000, 0:214001026, 512, 29
INSERT, 64, 4, 256, 256, 200000, 8:883218647, 18350, 64
LOOKUP, 64, 4, 256, 256, 200000, 0:199502258, 18350, 64
INSERT, 64, 4, 256, 512, 200000, 9:412130938, 19132, 64
LOOKUP, 64, 4, 256, 512, 200000, 0:194211323, 19132, 64
INSERT, 64, 4, 512, 8, 200000, 2:787701153, 7649, 64
LOOKUP, 64, 4, 512, 8, 200000, 0:202821101, 7649, 64
INSERT, 64, 4, 512, 16, 200000, 2:172312248, 3371, 8
LOOKUP, 64, 4, 512, 16, 200000, 0:216432985, 3371, 8
INSERT, 64, 4, 512, 32, 200000, 2:133995628, 1560, 18
LOOKUP, 64, 4, 512, 32, 200000, 0:236816775, 1560, 18
INSERT, 64, 4, 512, 64, 200000, 2:343404010, 1024, 10
LOOKUP, 64, 4, 512, 64, 200000, 0:224514272, 1024, 10
INSERT, 64, 4, 512, 128, 200000, 2:610831883, 512, 10
LOOKUP, 64, 4, 512, 128, 200000, 0:263523734, 512, 10
INSERT, 64, 4, 512, 256, 200000, 5:178413846, 17676, 64
LOOKUP, 64, 4, 512, 256, 200000, 0:208274706, 17676, 64
INSERT, 64, 4, 512, 512, 200000, 4:488366870, 15499, 64
LOOKUP, 64, 4, 512, 512, 200000, 0:195835483, 15499, 64
INSERT, 64, 8, 8, 8, 200000, 122:895479544, 2991, 37
LOOKUP, 64, 8, 8, 8, 200000, 0:196298953, 2991, 37
INSERT, 64, 8, 8, 16, 200000, 66:974199409, 1536, 22
LOOKUP, 64, 8, 8, 16, 200000, 0:200858474, 1536, 22
INSERT, 64, 8, 8, 32, 200000, 36:48202167, 774, 7
LOOKUP, 64, 8, 8, 32, 200000, 0:202347578, 774, 7
INSERT, 64, 8, 8, 64, 200000, 20:912564828, 379, 4
LOOKUP, 64, 8, 8, 64, 200000, 0:208329972, 379, 4
INSERT, 64, 8, 8, 128, 200000, 12:275551977, 188, 4
LOOKUP, 64, 8, 8, 128, 200000, 0:210328982, 188, 4
INSERT, 64, 8, 8, 256, 200000, 314:837827200, 9142, 64
LOOKUP, 64, 8, 8, 256, 200000, 0:194716252, 9142, 64
INSERT, 64, 8, 8, 512, 200000, 310:478517643, 8974, 36
LOOKUP, 64, 8, 8, 512, 200000, 0:189765119, 8974, 36
INSERT, 64, 8, 16, 8, 200000, 61:705436313, 3310, 64
LOOKUP, 64, 8, 16, 8, 200000, 0:221578346, 3310, 64
INSERT, 64, 8, 16, 16, 200000, 32:957509729, 1724, 17
LOOKUP, 64, 8, 16, 16, 200000, 0:221996287, 1724, 17
INSERT, 64, 8, 16, 32, 200000, 18:242157922, 816, 15
LOOKUP, 64, 8, 16, 32, 200000, 0:226391288, 816, 15
INSERT, 64, 8, 16, 64, 200000, 9:969627834, 384, 5
LOOKUP, 64, 8, 16, 64, 200000, 0:234509479, 384, 5
INSERT, 64, 8, 16, 128, 200000, 6:403536609, 191, 8
LOOKUP, 64, 8, 16, 128, 200000, 0:235779829, 191, 8
INSERT, 64, 8, 16, 256, 200000, 157:986462477, 10340, 64
LOOKUP, 64, 8, 16, 256, 200000, 0:213545955, 10340, 64
INSERT, 64, 8, 16, 512, 200000, 159:254358085, 10425, 64
LOOKUP, 64, 8, 16, 512, 200000, 0:216150082, 10425, 64
INSERT, 64, 8, 32, 8, 200000, 25:779073315, 3654, 44
LOOKUP, 64, 8, 32, 8, 200000, 0:221441240, 3654, 44
INSERT, 64, 8, 32, 16, 200000, 13:932016687, 1664, 17
LOOKUP, 64, 8, 32, 16, 200000, 0:234270225, 1664, 17
INSERT, 64, 8, 32, 32, 200000, 7:407681759, 856, 17
LOOKUP, 64, 8, 32, 32, 200000, 0:218555664, 856, 17
INSERT, 64, 8, 32, 64, 200000, 5:68780274, 413, 6
LOOKUP, 64, 8, 32, 64, 200000, 0:231976806, 413, 6
INSERT, 64, 8, 32, 128, 200000, 3:452892544, 192, 10
LOOKUP, 64, 8, 32, 128, 200000, 0:258611206, 192, 10
INSERT, 64, 8, 32, 256, 200000, 65:958135410, 10578, 64
LOOKUP, 64, 8, 32, 256, 200000, 0:217490583, 10578, 64
INSERT, 64, 8, 32, 512, 200000, 63:719473942, 10432, 64
LOOKUP, 64, 8, 32, 512, 200000, 0:208998677, 10432, 64
INSERT, 64, 8, 64, 8, 200000, 11:165216571, 3788, 34
LOOKUP, 64, 8, 64, 8, 200000, 0:221871736, 3788, 34
INSERT, 64, 8, 64, 16, 200000, 6:380949940, 1859, 27
LOOKUP, 64, 8, 64, 16, 200000, 0:222650912, 1859, 27
INSERT, 64, 8, 64, 32, 200000, 4:441040524, 896, 18
LOOKUP, 64, 8, 64, 32, 200000, 0:228849302, 896, 18
INSERT, 64, 8, 64, 64, 200000, 2:970340475, 384, 8
LOOKUP, 64, 8, 64, 64, 200000, 0:235558197, 384, 8
INSERT, 64, 8, 64, 128, 200000, 2:723524112, 192, 12
LOOKUP, 64, 8, 64, 128, 200000, 0:241333487, 192, 12
INSERT, 64, 8, 64, 256, 200000, 27:12782341, 10206, 64
LOOKUP, 64, 8, 64, 256, 200000, 0:219459722, 10206, 64
INSERT, 64, 8, 64, 512, 200000, 25:578598069, 9903, 64
LOOKUP, 64, 8, 64, 512, 200000, 0:222631040, 9903, 64
INSERT, 64, 8, 128, 8, 200000, 4:981285758, 3660, 57
LOOKUP, 64, 8, 128, 8, 200000, 0:228850769, 3660, 57
INSERT, 64, 8, 128, 16, 200000, 3:51974161, 1543, 19
LOOKUP, 64, 8, 128, 16, 200000, 0:232532220, 1543, 19
INSERT, 64, 8, 128, 32, 200000, 2:745759685, 894, 21
LOOKUP, 64, 8, 128, 32, 200000, 0:225918683, 894, 21
INSERT, 64, 8, 128, 64, 200000, 2:393998591, 384, 17
LOOKUP, 64, 8, 128, 64, 200000, 0:270029224, 384, 17
INSERT, 64, 8, 128, 128, 200000, 2:458783432, 128, 6
LOOKUP, 64, 8, 128, 128, 200000, 0:462308292, 128, 6
INSERT, 64, 8, 128, 256, 200000, 11:216315306, 9911, 64
LOOKUP, 64, 8, 128, 256, 200000, 0:214984844, 9911, 64
INSERT, 64, 8, 128, 512, 200000, 11:210394429, 10591, 64
LOOKUP, 64, 8, 128, 512, 200000, 0:213264711, 10591, 64
INSERT, 64, 8, 256, 8, 200000, 2:730926620, 3084, 64
LOOKUP, 64, 8, 256, 8, 200000, 0:225509973, 3084, 64
INSERT, 64, 8, 256, 16, 200000, 2:226066542, 1808, 22
LOOKUP, 64, 8, 256, 16, 200000, 0:219357753, 1808, 22
INSERT, 64, 8, 256, 32, 200000, 2:36254978, 768, 23
LOOKUP, 64, 8, 256, 32, 200000, 0:242624939, 768, 23
INSERT, 64, 8, 256, 64, 200000, 2:135075007, 256, 19
LOOKUP, 64, 8, 256, 64, 200000, 0:319273623, 256, 19
INSERT, 64, 8, 256, 128, 200000, 2:866087575, 138, 6
LOOKUP, 64, 8, 256, 128, 200000, 0:765883359, 138, 6
INSERT, 64, 8, 256, 256, 200000, 6:199778927, 10600, 64
LOOKUP, 64, 8, 256, 256, 200000, 0:215792641, 10600, 64
INSERT, 64, 8, 256, 512, 200000, 6:316257635, 11139, 64
LOOKUP, 64, 8, 256, 512, 200000, 0:211991963, 11139, 64
INSERT, 64, 8, 512, 8, 200000, 2:300916911, 4821, 47
LOOKUP, 64, 8, 512, 8, 200000, 0:227314149, 4821, 47
INSERT, 64, 8, 512, 16, 200000, 1:951922861, 1959, 41
LOOKUP, 64, 8, 512, 16, 200000, 0:233270888, 1959, 41
INSERT, 64, 8, 512, 32, 200000, 1:828923311, 513, 14
LOOKUP, 64, 8, 512, 32, 200000, 0:295430248, 513, 14
INSERT, 64, 8, 512, 64, 200000, 1:740746829, 0, 2
LOOKUP, 64, 8, 512, 64, 200000, 0:640398339, 0, 2
INSERT, 64, 8, 512, 128, 200000, 1:842198321, 0, 2
LOOKUP, 64, 8, 512, 128, 200000, 0:594621235, 0, 2
INSERT, 64, 8, 512, 256, 200000, 4:534274591, 13709, 64
LOOKUP, 64, 8, 512, 256, 200000, 0:219142769, 13709, 64
INSERT, 64, 8, 512, 512, 200000, 3:622526815, 11342, 64
LOOKUP, 64, 8, 512, 512, 200000, 0:222136491, 11342, 64
